\BOOKMARK [0][-]{chapter.1}{\376\377\000E\000A\000R\000\040\000A\000u\000d\000i\000o\000\040\000R\000e\000c\000t\000i\000f\000i\000e\000r}{}% 1
\BOOKMARK [0][-]{chapter.2}{\376\377\000D\000e\000p\000r\000e\000c\000a\000t\000e\000d\000\040\000L\000i\000s\000t}{}% 2
\BOOKMARK [0][-]{chapter.3}{\376\377\000M\000o\000d\000u\000l\000e\000\040\000I\000n\000d\000e\000x}{}% 3
\BOOKMARK [1][-]{section.3.1}{\376\377\000M\000o\000d\000u\000l\000e\000s}{chapter.3}% 4
\BOOKMARK [0][-]{chapter.4}{\376\377\000N\000a\000m\000e\000s\000p\000a\000c\000e\000\040\000I\000n\000d\000e\000x}{}% 5
\BOOKMARK [1][-]{section.4.1}{\376\377\000N\000a\000m\000e\000s\000p\000a\000c\000e\000\040\000L\000i\000s\000t}{chapter.4}% 6
\BOOKMARK [0][-]{chapter.5}{\376\377\000D\000a\000t\000a\000\040\000S\000t\000r\000u\000c\000t\000u\000r\000e\000\040\000I\000n\000d\000e\000x}{}% 7
\BOOKMARK [1][-]{section.5.1}{\376\377\000C\000l\000a\000s\000s\000\040\000H\000i\000e\000r\000a\000r\000c\000h\000y}{chapter.5}% 8
\BOOKMARK [0][-]{chapter.6}{\376\377\000D\000a\000t\000a\000\040\000S\000t\000r\000u\000c\000t\000u\000r\000e\000\040\000I\000n\000d\000e\000x}{}% 9
\BOOKMARK [1][-]{section.6.1}{\376\377\000D\000a\000t\000a\000\040\000S\000t\000r\000u\000c\000t\000u\000r\000e\000s}{chapter.6}% 10
\BOOKMARK [0][-]{chapter.7}{\376\377\000F\000i\000l\000e\000\040\000I\000n\000d\000e\000x}{}% 11
\BOOKMARK [1][-]{section.7.1}{\376\377\000F\000i\000l\000e\000\040\000L\000i\000s\000t}{chapter.7}% 12
\BOOKMARK [0][-]{chapter.8}{\376\377\000M\000o\000d\000u\000l\000e\000\040\000D\000o\000c\000u\000m\000e\000n\000t\000a\000t\000i\000o\000n}{}% 13
\BOOKMARK [1][-]{section.8.1}{\376\377\000C\000o\000n\000t\000r\000o\000l\000i\000n\000g\000\040\000t\000h\000e\000\040\000s\000e\000r\000v\000e\000r}{chapter.8}% 14
\BOOKMARK [2][-]{subsection.8.1.1}{\376\377\000F\000u\000n\000c\000t\000i\000o\000n\000\040\000D\000o\000c\000u\000m\000e\000n\000t\000a\000t\000i\000o\000n}{section.8.1}% 15
\BOOKMARK [3][-]{subsubsection.8.1.1.1}{\376\377\000j\000a\000c\000k\000\137\000e\000r\000r\000o\000r}{subsection.8.1.1}% 16
\BOOKMARK [3][-]{subsubsection.8.1.1.2}{\376\377\000j\000a\000c\000k\000\137\000i\000n\000f\000o}{subsection.8.1.1}% 17
\BOOKMARK [3][-]{subsubsection.8.1.1.3}{\376\377\000j\000a\000c\000k\000\137\000l\000o\000g}{subsection.8.1.1}% 18
\BOOKMARK [3][-]{subsubsection.8.1.1.4}{\376\377\000j\000a\000c\000k\000c\000t\000l\000\137\000d\000r\000i\000v\000e\000r\000\137\000g\000e\000t\000\137\000n\000a\000m\000e}{subsection.8.1.1}% 19
\BOOKMARK [3][-]{subsubsection.8.1.1.5}{\376\377\000j\000a\000c\000k\000c\000t\000l\000\137\000d\000r\000i\000v\000e\000r\000\137\000g\000e\000t\000\137\000p\000a\000r\000a\000m\000e\000t\000e\000r\000s}{subsection.8.1.1}% 20
\BOOKMARK [3][-]{subsubsection.8.1.1.6}{\376\377\000j\000a\000c\000k\000c\000t\000l\000\137\000i\000n\000t\000e\000r\000n\000a\000l\000\137\000g\000e\000t\000\137\000n\000a\000m\000e}{subsection.8.1.1}% 21
\BOOKMARK [3][-]{subsubsection.8.1.1.7}{\376\377\000j\000a\000c\000k\000c\000t\000l\000\137\000i\000n\000t\000e\000r\000n\000a\000l\000\137\000g\000e\000t\000\137\000p\000a\000r\000a\000m\000e\000t\000e\000r\000s}{subsection.8.1.1}% 22
\BOOKMARK [3][-]{subsubsection.8.1.1.8}{\376\377\000j\000a\000c\000k\000c\000t\000l\000\137\000p\000a\000r\000a\000m\000e\000t\000e\000r\000\137\000c\000o\000n\000s\000t\000r\000a\000i\000n\000t\000\137\000i\000s\000\137\000f\000a\000k\000e\000\137\000v\000a\000l\000u\000e}{subsection.8.1.1}% 23
\BOOKMARK [3][-]{subsubsection.8.1.1.9}{\376\377\000j\000a\000c\000k\000c\000t\000l\000\137\000p\000a\000r\000a\000m\000e\000t\000e\000r\000\137\000c\000o\000n\000s\000t\000r\000a\000i\000n\000t\000\137\000i\000s\000\137\000s\000t\000r\000i\000c\000t}{subsection.8.1.1}% 24
\BOOKMARK [3][-]{subsubsection.8.1.1.10}{\376\377\000j\000a\000c\000k\000c\000t\000l\000\137\000p\000a\000r\000a\000m\000e\000t\000e\000r\000\137\000g\000e\000t\000\137\000d\000e\000f\000a\000u\000l\000t\000\137\000v\000a\000l\000u\000e}{subsection.8.1.1}% 25
\BOOKMARK [3][-]{subsubsection.8.1.1.11}{\376\377\000j\000a\000c\000k\000c\000t\000l\000\137\000p\000a\000r\000a\000m\000e\000t\000e\000r\000\137\000g\000e\000t\000\137\000e\000n\000u\000m\000\137\000c\000o\000n\000s\000t\000r\000a\000i\000n\000t\000\137\000d\000e\000s\000c\000r\000i\000p\000t\000i\000o\000n}{subsection.8.1.1}% 26
\BOOKMARK [3][-]{subsubsection.8.1.1.12}{\376\377\000j\000a\000c\000k\000c\000t\000l\000\137\000p\000a\000r\000a\000m\000e\000t\000e\000r\000\137\000g\000e\000t\000\137\000e\000n\000u\000m\000\137\000c\000o\000n\000s\000t\000r\000a\000i\000n\000t\000\137\000v\000a\000l\000u\000e}{subsection.8.1.1}% 27
\BOOKMARK [3][-]{subsubsection.8.1.1.13}{\376\377\000j\000a\000c\000k\000c\000t\000l\000\137\000p\000a\000r\000a\000m\000e\000t\000e\000r\000\137\000g\000e\000t\000\137\000e\000n\000u\000m\000\137\000c\000o\000n\000s\000t\000r\000a\000i\000n\000t\000s\000\137\000c\000o\000u\000n\000t}{subsection.8.1.1}% 28
\BOOKMARK [3][-]{subsubsection.8.1.1.14}{\376\377\000j\000a\000c\000k\000c\000t\000l\000\137\000p\000a\000r\000a\000m\000e\000t\000e\000r\000\137\000g\000e\000t\000\137\000i\000d}{subsection.8.1.1}% 29
\BOOKMARK [3][-]{subsubsection.8.1.1.15}{\376\377\000j\000a\000c\000k\000c\000t\000l\000\137\000p\000a\000r\000a\000m\000e\000t\000e\000r\000\137\000g\000e\000t\000\137\000l\000o\000n\000g\000\137\000d\000e\000s\000c\000r\000i\000p\000t\000i\000o\000n}{subsection.8.1.1}% 30
\BOOKMARK [3][-]{subsubsection.8.1.1.16}{\376\377\000j\000a\000c\000k\000c\000t\000l\000\137\000p\000a\000r\000a\000m\000e\000t\000e\000r\000\137\000g\000e\000t\000\137\000n\000a\000m\000e}{subsection.8.1.1}% 31
\BOOKMARK [3][-]{subsubsection.8.1.1.17}{\376\377\000j\000a\000c\000k\000c\000t\000l\000\137\000p\000a\000r\000a\000m\000e\000t\000e\000r\000\137\000g\000e\000t\000\137\000r\000a\000n\000g\000e\000\137\000c\000o\000n\000s\000t\000r\000a\000i\000n\000t}{subsection.8.1.1}% 32
\BOOKMARK [3][-]{subsubsection.8.1.1.18}{\376\377\000j\000a\000c\000k\000c\000t\000l\000\137\000p\000a\000r\000a\000m\000e\000t\000e\000r\000\137\000g\000e\000t\000\137\000s\000h\000o\000r\000t\000\137\000d\000e\000s\000c\000r\000i\000p\000t\000i\000o\000n}{subsection.8.1.1}% 33
\BOOKMARK [3][-]{subsubsection.8.1.1.19}{\376\377\000j\000a\000c\000k\000c\000t\000l\000\137\000p\000a\000r\000a\000m\000e\000t\000e\000r\000\137\000g\000e\000t\000\137\000t\000y\000p\000e}{subsection.8.1.1}% 34
\BOOKMARK [3][-]{subsubsection.8.1.1.20}{\376\377\000j\000a\000c\000k\000c\000t\000l\000\137\000p\000a\000r\000a\000m\000e\000t\000e\000r\000\137\000g\000e\000t\000\137\000v\000a\000l\000u\000e}{subsection.8.1.1}% 35
\BOOKMARK [3][-]{subsubsection.8.1.1.21}{\376\377\000j\000a\000c\000k\000c\000t\000l\000\137\000p\000a\000r\000a\000m\000e\000t\000e\000r\000\137\000h\000a\000s\000\137\000e\000n\000u\000m\000\137\000c\000o\000n\000s\000t\000r\000a\000i\000n\000t}{subsection.8.1.1}% 36
\BOOKMARK [3][-]{subsubsection.8.1.1.22}{\376\377\000j\000a\000c\000k\000c\000t\000l\000\137\000p\000a\000r\000a\000m\000e\000t\000e\000r\000\137\000h\000a\000s\000\137\000r\000a\000n\000g\000e\000\137\000c\000o\000n\000s\000t\000r\000a\000i\000n\000t}{subsection.8.1.1}% 37
\BOOKMARK [3][-]{subsubsection.8.1.1.23}{\376\377\000j\000a\000c\000k\000c\000t\000l\000\137\000p\000a\000r\000a\000m\000e\000t\000e\000r\000\137\000i\000s\000\137\000s\000e\000t}{subsection.8.1.1}% 38
\BOOKMARK [3][-]{subsubsection.8.1.1.24}{\376\377\000j\000a\000c\000k\000c\000t\000l\000\137\000p\000a\000r\000a\000m\000e\000t\000e\000r\000\137\000r\000e\000s\000e\000t}{subsection.8.1.1}% 39
\BOOKMARK [3][-]{subsubsection.8.1.1.25}{\376\377\000j\000a\000c\000k\000c\000t\000l\000\137\000p\000a\000r\000a\000m\000e\000t\000e\000r\000\137\000s\000e\000t\000\137\000v\000a\000l\000u\000e}{subsection.8.1.1}% 40
\BOOKMARK [3][-]{subsubsection.8.1.1.26}{\376\377\000j\000a\000c\000k\000c\000t\000l\000\137\000s\000e\000r\000v\000e\000r\000\137\000a\000d\000d\000\137\000s\000l\000a\000v\000e}{subsection.8.1.1}% 41
\BOOKMARK [3][-]{subsubsection.8.1.1.27}{\376\377\000j\000a\000c\000k\000c\000t\000l\000\137\000s\000e\000r\000v\000e\000r\000\137\000c\000l\000o\000s\000e}{subsection.8.1.1}% 42
\BOOKMARK [3][-]{subsubsection.8.1.1.28}{\376\377\000j\000a\000c\000k\000c\000t\000l\000\137\000s\000e\000r\000v\000e\000r\000\137\000c\000r\000e\000a\000t\000e}{subsection.8.1.1}% 43
\BOOKMARK [3][-]{subsubsection.8.1.1.29}{\376\377\000j\000a\000c\000k\000c\000t\000l\000\137\000s\000e\000r\000v\000e\000r\000\137\000d\000e\000s\000t\000r\000o\000y}{subsection.8.1.1}% 44
\BOOKMARK [3][-]{subsubsection.8.1.1.30}{\376\377\000j\000a\000c\000k\000c\000t\000l\000\137\000s\000e\000r\000v\000e\000r\000\137\000g\000e\000t\000\137\000d\000r\000i\000v\000e\000r\000s\000\137\000l\000i\000s\000t}{subsection.8.1.1}% 45
\BOOKMARK [3][-]{subsubsection.8.1.1.31}{\376\377\000j\000a\000c\000k\000c\000t\000l\000\137\000s\000e\000r\000v\000e\000r\000\137\000g\000e\000t\000\137\000i\000n\000t\000e\000r\000n\000a\000l\000s\000\137\000l\000i\000s\000t}{subsection.8.1.1}% 46
\BOOKMARK [3][-]{subsubsection.8.1.1.32}{\376\377\000j\000a\000c\000k\000c\000t\000l\000\137\000s\000e\000r\000v\000e\000r\000\137\000g\000e\000t\000\137\000p\000a\000r\000a\000m\000e\000t\000e\000r\000s}{subsection.8.1.1}% 47
\BOOKMARK [3][-]{subsubsection.8.1.1.33}{\376\377\000j\000a\000c\000k\000c\000t\000l\000\137\000s\000e\000r\000v\000e\000r\000\137\000l\000o\000a\000d\000\137\000i\000n\000t\000e\000r\000n\000a\000l}{subsection.8.1.1}% 48
\BOOKMARK [3][-]{subsubsection.8.1.1.34}{\376\377\000j\000a\000c\000k\000c\000t\000l\000\137\000s\000e\000r\000v\000e\000r\000\137\000o\000p\000e\000n}{subsection.8.1.1}% 49
\BOOKMARK [3][-]{subsubsection.8.1.1.35}{\376\377\000j\000a\000c\000k\000c\000t\000l\000\137\000s\000e\000r\000v\000e\000r\000\137\000r\000e\000m\000o\000v\000e\000\137\000s\000l\000a\000v\000e}{subsection.8.1.1}% 50
\BOOKMARK [3][-]{subsubsection.8.1.1.36}{\376\377\000j\000a\000c\000k\000c\000t\000l\000\137\000s\000e\000r\000v\000e\000r\000\137\000s\000t\000a\000r\000t}{subsection.8.1.1}% 51
\BOOKMARK [3][-]{subsubsection.8.1.1.37}{\376\377\000j\000a\000c\000k\000c\000t\000l\000\137\000s\000e\000r\000v\000e\000r\000\137\000s\000t\000o\000p}{subsection.8.1.1}% 52
\BOOKMARK [3][-]{subsubsection.8.1.1.38}{\376\377\000j\000a\000c\000k\000c\000t\000l\000\137\000s\000e\000r\000v\000e\000r\000\137\000s\000w\000i\000t\000c\000h\000\137\000m\000a\000s\000t\000e\000r}{subsection.8.1.1}% 53
\BOOKMARK [3][-]{subsubsection.8.1.1.39}{\376\377\000j\000a\000c\000k\000c\000t\000l\000\137\000s\000e\000r\000v\000e\000r\000\137\000u\000n\000l\000o\000a\000d\000\137\000i\000n\000t\000e\000r\000n\000a\000l}{subsection.8.1.1}% 54
\BOOKMARK [3][-]{subsubsection.8.1.1.40}{\376\377\000j\000a\000c\000k\000c\000t\000l\000\137\000s\000e\000t\000u\000p\000\137\000s\000i\000g\000n\000a\000l\000s}{subsection.8.1.1}% 55
\BOOKMARK [3][-]{subsubsection.8.1.1.41}{\376\377\000j\000a\000c\000k\000c\000t\000l\000\137\000w\000a\000i\000t\000\137\000s\000i\000g\000n\000a\000l\000s}{subsection.8.1.1}% 56
\BOOKMARK [1][-]{section.8.2}{\376\377\000T\000h\000e\000\040\000n\000o\000n\000-\000c\000a\000l\000l\000b\000a\000c\000k\000\040\000A\000P\000I}{chapter.8}% 57
\BOOKMARK [2][-]{subsection.8.2.1}{\376\377\000F\000u\000n\000c\000t\000i\000o\000n\000\040\000D\000o\000c\000u\000m\000e\000n\000t\000a\000t\000i\000o\000n}{section.8.2}% 58
\BOOKMARK [3][-]{subsubsection.8.2.1.1}{\376\377\000j\000a\000c\000k\000\137\000c\000y\000c\000l\000e\000\137\000s\000i\000g\000n\000a\000l}{subsection.8.2.1}% 59
\BOOKMARK [3][-]{subsubsection.8.2.1.2}{\376\377\000j\000a\000c\000k\000\137\000c\000y\000c\000l\000e\000\137\000w\000a\000i\000t}{subsection.8.2.1}% 60
\BOOKMARK [3][-]{subsubsection.8.2.1.3}{\376\377\000j\000a\000c\000k\000\137\000s\000e\000t\000\137\000p\000r\000o\000c\000e\000s\000s\000\137\000t\000h\000r\000e\000a\000d}{subsection.8.2.1}% 61
\BOOKMARK [3][-]{subsubsection.8.2.1.4}{\376\377\000j\000a\000c\000k\000\137\000t\000h\000r\000e\000a\000d\000\137\000w\000a\000i\000t}{subsection.8.2.1}% 62
\BOOKMARK [1][-]{section.8.3}{\376\377\000S\000e\000t\000t\000i\000n\000g\000\040\000C\000l\000i\000e\000n\000t\000\040\000C\000a\000l\000l\000b\000a\000c\000k\000s}{chapter.8}% 63
\BOOKMARK [2][-]{subsection.8.3.1}{\376\377\000F\000u\000n\000c\000t\000i\000o\000n\000\040\000D\000o\000c\000u\000m\000e\000n\000t\000a\000t\000i\000o\000n}{section.8.3}% 64
\BOOKMARK [3][-]{subsubsection.8.3.1.1}{\376\377\000j\000a\000c\000k\000\137\000o\000n\000\137\000i\000n\000f\000o\000\137\000s\000h\000u\000t\000d\000o\000w\000n}{subsection.8.3.1}% 65
\BOOKMARK [3][-]{subsubsection.8.3.1.2}{\376\377\000j\000a\000c\000k\000\137\000o\000n\000\137\000s\000h\000u\000t\000d\000o\000w\000n}{subsection.8.3.1}% 66
\BOOKMARK [3][-]{subsubsection.8.3.1.3}{\376\377\000j\000a\000c\000k\000\137\000s\000e\000t\000\137\000b\000u\000f\000f\000e\000r\000\137\000s\000i\000z\000e\000\137\000c\000a\000l\000l\000b\000a\000c\000k}{subsection.8.3.1}% 67
\BOOKMARK [3][-]{subsubsection.8.3.1.4}{\376\377\000j\000a\000c\000k\000\137\000s\000e\000t\000\137\000c\000l\000i\000e\000n\000t\000\137\000r\000e\000g\000i\000s\000t\000r\000a\000t\000i\000o\000n\000\137\000c\000a\000l\000l\000b\000a\000c\000k}{subsection.8.3.1}% 68
\BOOKMARK [3][-]{subsubsection.8.3.1.5}{\376\377\000j\000a\000c\000k\000\137\000s\000e\000t\000\137\000f\000r\000e\000e\000w\000h\000e\000e\000l\000\137\000c\000a\000l\000l\000b\000a\000c\000k}{subsection.8.3.1}% 69
\BOOKMARK [3][-]{subsubsection.8.3.1.6}{\376\377\000j\000a\000c\000k\000\137\000s\000e\000t\000\137\000g\000r\000a\000p\000h\000\137\000o\000r\000d\000e\000r\000\137\000c\000a\000l\000l\000b\000a\000c\000k}{subsection.8.3.1}% 70
\BOOKMARK [3][-]{subsubsection.8.3.1.7}{\376\377\000j\000a\000c\000k\000\137\000s\000e\000t\000\137\000p\000o\000r\000t\000\137\000c\000o\000n\000n\000e\000c\000t\000\137\000c\000a\000l\000l\000b\000a\000c\000k}{subsection.8.3.1}% 71
\BOOKMARK [3][-]{subsubsection.8.3.1.8}{\376\377\000j\000a\000c\000k\000\137\000s\000e\000t\000\137\000p\000o\000r\000t\000\137\000r\000e\000g\000i\000s\000t\000r\000a\000t\000i\000o\000n\000\137\000c\000a\000l\000l\000b\000a\000c\000k}{subsection.8.3.1}% 72
\BOOKMARK [3][-]{subsubsection.8.3.1.9}{\376\377\000j\000a\000c\000k\000\137\000s\000e\000t\000\137\000p\000o\000r\000t\000\137\000r\000e\000n\000a\000m\000e\000\137\000c\000a\000l\000l\000b\000a\000c\000k}{subsection.8.3.1}% 73
\BOOKMARK [3][-]{subsubsection.8.3.1.10}{\376\377\000j\000a\000c\000k\000\137\000s\000e\000t\000\137\000p\000r\000o\000c\000e\000s\000s\000\137\000c\000a\000l\000l\000b\000a\000c\000k}{subsection.8.3.1}% 74
\BOOKMARK [3][-]{subsubsection.8.3.1.11}{\376\377\000j\000a\000c\000k\000\137\000s\000e\000t\000\137\000s\000a\000m\000p\000l\000e\000\137\000r\000a\000t\000e\000\137\000c\000a\000l\000l\000b\000a\000c\000k}{subsection.8.3.1}% 75
\BOOKMARK [3][-]{subsubsection.8.3.1.12}{\376\377\000j\000a\000c\000k\000\137\000s\000e\000t\000\137\000t\000h\000r\000e\000a\000d\000\137\000i\000n\000i\000t\000\137\000c\000a\000l\000l\000b\000a\000c\000k}{subsection.8.3.1}% 76
\BOOKMARK [3][-]{subsubsection.8.3.1.13}{\376\377\000j\000a\000c\000k\000\137\000s\000e\000t\000\137\000x\000r\000u\000n\000\137\000c\000a\000l\000l\000b\000a\000c\000k}{subsection.8.3.1}% 77
\BOOKMARK [1][-]{section.8.4}{\376\377\000C\000o\000n\000t\000r\000o\000l\000l\000i\000n\000g\000\040\000\046\000\040\000q\000u\000e\000r\000y\000i\000n\000g\000\040\000J\000A\000C\000K\000\040\000s\000e\000r\000v\000e\000r\000\040\000o\000p\000e\000r\000a\000t\000i\000o\000n}{chapter.8}% 78
\BOOKMARK [2][-]{subsection.8.4.1}{\376\377\000F\000u\000n\000c\000t\000i\000o\000n\000\040\000D\000o\000c\000u\000m\000e\000n\000t\000a\000t\000i\000o\000n}{section.8.4}% 79
\BOOKMARK [3][-]{subsubsection.8.4.1.1}{\376\377\000j\000a\000c\000k\000\137\000c\000p\000u\000\137\000l\000o\000a\000d}{subsection.8.4.1}% 80
\BOOKMARK [3][-]{subsubsection.8.4.1.2}{\376\377\000j\000a\000c\000k\000\137\000e\000n\000g\000i\000n\000e\000\137\000t\000a\000k\000e\000o\000v\000e\000r\000\137\000t\000i\000m\000e\000b\000a\000s\000e}{subsection.8.4.1}% 81
\BOOKMARK [3][-]{subsubsection.8.4.1.3}{\376\377\000j\000a\000c\000k\000\137\000g\000e\000t\000\137\000b\000u\000f\000f\000e\000r\000\137\000s\000i\000z\000e}{subsection.8.4.1}% 82
\BOOKMARK [3][-]{subsubsection.8.4.1.4}{\376\377\000j\000a\000c\000k\000\137\000g\000e\000t\000\137\000s\000a\000m\000p\000l\000e\000\137\000r\000a\000t\000e}{subsection.8.4.1}% 83
\BOOKMARK [3][-]{subsubsection.8.4.1.5}{\376\377\000j\000a\000c\000k\000\137\000s\000e\000t\000\137\000b\000u\000f\000f\000e\000r\000\137\000s\000i\000z\000e}{subsection.8.4.1}% 84
\BOOKMARK [3][-]{subsubsection.8.4.1.6}{\376\377\000j\000a\000c\000k\000\137\000s\000e\000t\000\137\000f\000r\000e\000e\000w\000h\000e\000e\000l}{subsection.8.4.1}% 85
\BOOKMARK [1][-]{section.8.5}{\376\377\000C\000r\000e\000a\000t\000i\000n\000g\000\040\000\046\000\040\000m\000a\000n\000i\000p\000u\000l\000a\000t\000i\000n\000g\000\040\000p\000o\000r\000t\000s}{chapter.8}% 86
\BOOKMARK [2][-]{subsection.8.5.1}{\376\377\000F\000u\000n\000c\000t\000i\000o\000n\000\040\000D\000o\000c\000u\000m\000e\000n\000t\000a\000t\000i\000o\000n}{section.8.5}% 87
\BOOKMARK [3][-]{subsubsection.8.5.1.1}{\376\377\000j\000a\000c\000k\000\137\000c\000o\000n\000n\000e\000c\000t}{subsection.8.5.1}% 88
\BOOKMARK [3][-]{subsubsection.8.5.1.2}{\376\377\000j\000a\000c\000k\000\137\000d\000i\000s\000c\000o\000n\000n\000e\000c\000t}{subsection.8.5.1}% 89
\BOOKMARK [3][-]{subsubsection.8.5.1.3}{\376\377\000j\000a\000c\000k\000\137\000p\000o\000r\000t\000\137\000c\000o\000n\000n\000e\000c\000t\000e\000d}{subsection.8.5.1}% 90
\BOOKMARK [3][-]{subsubsection.8.5.1.4}{\376\377\000j\000a\000c\000k\000\137\000p\000o\000r\000t\000\137\000c\000o\000n\000n\000e\000c\000t\000e\000d\000\137\000t\000o}{subsection.8.5.1}% 91
\BOOKMARK [3][-]{subsubsection.8.5.1.5}{\376\377\000j\000a\000c\000k\000\137\000p\000o\000r\000t\000\137\000d\000i\000s\000c\000o\000n\000n\000e\000c\000t}{subsection.8.5.1}% 92
\BOOKMARK [3][-]{subsubsection.8.5.1.6}{\376\377\000j\000a\000c\000k\000\137\000p\000o\000r\000t\000\137\000e\000n\000s\000u\000r\000e\000\137\000m\000o\000n\000i\000t\000o\000r}{subsection.8.5.1}% 93
\BOOKMARK [3][-]{subsubsection.8.5.1.7}{\376\377\000j\000a\000c\000k\000\137\000p\000o\000r\000t\000\137\000f\000l\000a\000g\000s}{subsection.8.5.1}% 94
\BOOKMARK [3][-]{subsubsection.8.5.1.8}{\376\377\000j\000a\000c\000k\000\137\000p\000o\000r\000t\000\137\000g\000e\000t\000\137\000a\000l\000i\000a\000s\000e\000s}{subsection.8.5.1}% 95
\BOOKMARK [3][-]{subsubsection.8.5.1.9}{\376\377\000j\000a\000c\000k\000\137\000p\000o\000r\000t\000\137\000g\000e\000t\000\137\000a\000l\000l\000\137\000c\000o\000n\000n\000e\000c\000t\000i\000o\000n\000s}{subsection.8.5.1}% 96
\BOOKMARK [3][-]{subsubsection.8.5.1.10}{\376\377\000j\000a\000c\000k\000\137\000p\000o\000r\000t\000\137\000g\000e\000t\000\137\000b\000u\000f\000f\000e\000r}{subsection.8.5.1}% 97
\BOOKMARK [3][-]{subsubsection.8.5.1.11}{\376\377\000j\000a\000c\000k\000\137\000p\000o\000r\000t\000\137\000g\000e\000t\000\137\000c\000o\000n\000n\000e\000c\000t\000i\000o\000n\000s}{subsection.8.5.1}% 98
\BOOKMARK [3][-]{subsubsection.8.5.1.12}{\376\377\000j\000a\000c\000k\000\137\000p\000o\000r\000t\000\137\000i\000s\000\137\000m\000i\000n\000e}{subsection.8.5.1}% 99
\BOOKMARK [3][-]{subsubsection.8.5.1.13}{\376\377\000j\000a\000c\000k\000\137\000p\000o\000r\000t\000\137\000m\000o\000n\000i\000t\000o\000r\000i\000n\000g\000\137\000i\000n\000p\000u\000t}{subsection.8.5.1}% 100
\BOOKMARK [3][-]{subsubsection.8.5.1.14}{\376\377\000j\000a\000c\000k\000\137\000p\000o\000r\000t\000\137\000n\000a\000m\000e}{subsection.8.5.1}% 101
\BOOKMARK [3][-]{subsubsection.8.5.1.15}{\376\377\000j\000a\000c\000k\000\137\000p\000o\000r\000t\000\137\000n\000a\000m\000e\000\137\000s\000i\000z\000e}{subsection.8.5.1}% 102
\BOOKMARK [3][-]{subsubsection.8.5.1.16}{\376\377\000j\000a\000c\000k\000\137\000p\000o\000r\000t\000\137\000r\000e\000g\000i\000s\000t\000e\000r}{subsection.8.5.1}% 103
\BOOKMARK [3][-]{subsubsection.8.5.1.17}{\376\377\000j\000a\000c\000k\000\137\000p\000o\000r\000t\000\137\000r\000e\000q\000u\000e\000s\000t\000\137\000m\000o\000n\000i\000t\000o\000r}{subsection.8.5.1}% 104
\BOOKMARK [3][-]{subsubsection.8.5.1.18}{\376\377\000j\000a\000c\000k\000\137\000p\000o\000r\000t\000\137\000r\000e\000q\000u\000e\000s\000t\000\137\000m\000o\000n\000i\000t\000o\000r\000\137\000b\000y\000\137\000n\000a\000m\000e}{subsection.8.5.1}% 105
\BOOKMARK [3][-]{subsubsection.8.5.1.19}{\376\377\000j\000a\000c\000k\000\137\000p\000o\000r\000t\000\137\000s\000e\000t\000\137\000a\000l\000i\000a\000s}{subsection.8.5.1}% 106
\BOOKMARK [3][-]{subsubsection.8.5.1.20}{\376\377\000j\000a\000c\000k\000\137\000p\000o\000r\000t\000\137\000s\000e\000t\000\137\000n\000a\000m\000e}{subsection.8.5.1}% 107
\BOOKMARK [3][-]{subsubsection.8.5.1.21}{\376\377\000j\000a\000c\000k\000\137\000p\000o\000r\000t\000\137\000s\000h\000o\000r\000t\000\137\000n\000a\000m\000e}{subsection.8.5.1}% 108
\BOOKMARK [3][-]{subsubsection.8.5.1.22}{\376\377\000j\000a\000c\000k\000\137\000p\000o\000r\000t\000\137\000t\000i\000e}{subsection.8.5.1}% 109
\BOOKMARK [3][-]{subsubsection.8.5.1.23}{\376\377\000j\000a\000c\000k\000\137\000p\000o\000r\000t\000\137\000t\000y\000p\000e}{subsection.8.5.1}% 110
\BOOKMARK [3][-]{subsubsection.8.5.1.24}{\376\377\000j\000a\000c\000k\000\137\000p\000o\000r\000t\000\137\000t\000y\000p\000e\000\137\000g\000e\000t\000\137\000b\000u\000f\000f\000e\000r\000\137\000s\000i\000z\000e}{subsection.8.5.1}% 111
\BOOKMARK [3][-]{subsubsection.8.5.1.25}{\376\377\000j\000a\000c\000k\000\137\000p\000o\000r\000t\000\137\000t\000y\000p\000e\000\137\000i\000d}{subsection.8.5.1}% 112
\BOOKMARK [3][-]{subsubsection.8.5.1.26}{\376\377\000j\000a\000c\000k\000\137\000p\000o\000r\000t\000\137\000t\000y\000p\000e\000\137\000s\000i\000z\000e}{subsection.8.5.1}% 113
\BOOKMARK [3][-]{subsubsection.8.5.1.27}{\376\377\000j\000a\000c\000k\000\137\000p\000o\000r\000t\000\137\000u\000n\000r\000e\000g\000i\000s\000t\000e\000r}{subsection.8.5.1}% 114
\BOOKMARK [3][-]{subsubsection.8.5.1.28}{\376\377\000j\000a\000c\000k\000\137\000p\000o\000r\000t\000\137\000u\000n\000s\000e\000t\000\137\000a\000l\000i\000a\000s}{subsection.8.5.1}% 115
\BOOKMARK [3][-]{subsubsection.8.5.1.29}{\376\377\000j\000a\000c\000k\000\137\000p\000o\000r\000t\000\137\000u\000n\000t\000i\000e}{subsection.8.5.1}% 116
\BOOKMARK [1][-]{section.8.6}{\376\377\000M\000a\000n\000a\000g\000i\000n\000g\000\040\000a\000n\000d\000\040\000d\000e\000t\000e\000r\000m\000i\000n\000i\000n\000g\000\040\000l\000a\000t\000e\000n\000c\000y}{chapter.8}% 117
\BOOKMARK [2][-]{subsection.8.6.1}{\376\377\000D\000e\000t\000a\000i\000l\000e\000d\000\040\000D\000e\000s\000c\000r\000i\000p\000t\000i\000o\000n}{section.8.6}% 118
\BOOKMARK [2][-]{subsection.8.6.2}{\376\377\000F\000u\000n\000c\000t\000i\000o\000n\000\040\000D\000o\000c\000u\000m\000e\000n\000t\000a\000t\000i\000o\000n}{section.8.6}% 119
\BOOKMARK [3][-]{subsubsection.8.6.2.1}{\376\377\000j\000a\000c\000k\000\137\000p\000o\000r\000t\000\137\000g\000e\000t\000\137\000l\000a\000t\000e\000n\000c\000y}{subsection.8.6.2}% 120
\BOOKMARK [3][-]{subsubsection.8.6.2.2}{\376\377\000j\000a\000c\000k\000\137\000p\000o\000r\000t\000\137\000g\000e\000t\000\137\000l\000a\000t\000e\000n\000c\000y\000\137\000r\000a\000n\000g\000e}{subsection.8.6.2}% 121
\BOOKMARK [3][-]{subsubsection.8.6.2.3}{\376\377\000j\000a\000c\000k\000\137\000p\000o\000r\000t\000\137\000g\000e\000t\000\137\000t\000o\000t\000a\000l\000\137\000l\000a\000t\000e\000n\000c\000y}{subsection.8.6.2}% 122
\BOOKMARK [3][-]{subsubsection.8.6.2.4}{\376\377\000j\000a\000c\000k\000\137\000p\000o\000r\000t\000\137\000s\000e\000t\000\137\000l\000a\000t\000e\000n\000c\000y}{subsection.8.6.2}% 123
\BOOKMARK [3][-]{subsubsection.8.6.2.5}{\376\377\000j\000a\000c\000k\000\137\000p\000o\000r\000t\000\137\000s\000e\000t\000\137\000l\000a\000t\000e\000n\000c\000y\000\137\000r\000a\000n\000g\000e}{subsection.8.6.2}% 124
\BOOKMARK [3][-]{subsubsection.8.6.2.6}{\376\377\000j\000a\000c\000k\000\137\000r\000e\000c\000o\000m\000p\000u\000t\000e\000\137\000t\000o\000t\000a\000l\000\137\000l\000a\000t\000e\000n\000c\000i\000e\000s}{subsection.8.6.2}% 125
\BOOKMARK [3][-]{subsubsection.8.6.2.7}{\376\377\000j\000a\000c\000k\000\137\000r\000e\000c\000o\000m\000p\000u\000t\000e\000\137\000t\000o\000t\000a\000l\000\137\000l\000a\000t\000e\000n\000c\000y}{subsection.8.6.2}% 126
\BOOKMARK [1][-]{section.8.7}{\376\377\000L\000o\000o\000k\000i\000n\000g\000\040\000u\000p\000\040\000p\000o\000r\000t\000s}{chapter.8}% 127
\BOOKMARK [2][-]{subsection.8.7.1}{\376\377\000F\000u\000n\000c\000t\000i\000o\000n\000\040\000D\000o\000c\000u\000m\000e\000n\000t\000a\000t\000i\000o\000n}{section.8.7}% 128
\BOOKMARK [3][-]{subsubsection.8.7.1.1}{\376\377\000j\000a\000c\000k\000\137\000g\000e\000t\000\137\000p\000o\000r\000t\000s}{subsection.8.7.1}% 129
\BOOKMARK [3][-]{subsubsection.8.7.1.2}{\376\377\000j\000a\000c\000k\000\137\000p\000o\000r\000t\000\137\000b\000y\000\137\000i\000d}{subsection.8.7.1}% 130
\BOOKMARK [3][-]{subsubsection.8.7.1.3}{\376\377\000j\000a\000c\000k\000\137\000p\000o\000r\000t\000\137\000b\000y\000\137\000n\000a\000m\000e}{subsection.8.7.1}% 131
\BOOKMARK [1][-]{section.8.8}{\376\377\000H\000a\000n\000d\000l\000i\000n\000g\000\040\000t\000i\000m\000e}{chapter.8}% 132
\BOOKMARK [2][-]{subsection.8.8.1}{\376\377\000D\000e\000t\000a\000i\000l\000e\000d\000\040\000D\000e\000s\000c\000r\000i\000p\000t\000i\000o\000n}{section.8.8}% 133
\BOOKMARK [2][-]{subsection.8.8.2}{\376\377\000F\000u\000n\000c\000t\000i\000o\000n\000\040\000D\000o\000c\000u\000m\000e\000n\000t\000a\000t\000i\000o\000n}{section.8.8}% 134
\BOOKMARK [3][-]{subsubsection.8.8.2.1}{\376\377\000j\000a\000c\000k\000\137\000f\000r\000a\000m\000e\000\137\000t\000i\000m\000e}{subsection.8.8.2}% 135
\BOOKMARK [3][-]{subsubsection.8.8.2.2}{\376\377\000j\000a\000c\000k\000\137\000f\000r\000a\000m\000e\000s\000\137\000s\000i\000n\000c\000e\000\137\000c\000y\000c\000l\000e\000\137\000s\000t\000a\000r\000t}{subsection.8.8.2}% 136
\BOOKMARK [3][-]{subsubsection.8.8.2.3}{\376\377\000j\000a\000c\000k\000\137\000f\000r\000a\000m\000e\000s\000\137\000t\000o\000\137\000t\000i\000m\000e}{subsection.8.8.2}% 137
\BOOKMARK [3][-]{subsubsection.8.8.2.4}{\376\377\000j\000a\000c\000k\000\137\000g\000e\000t\000\137\000t\000i\000m\000e}{subsection.8.8.2}% 138
\BOOKMARK [3][-]{subsubsection.8.8.2.5}{\376\377\000j\000a\000c\000k\000\137\000l\000a\000s\000t\000\137\000f\000r\000a\000m\000e\000\137\000t\000i\000m\000e}{subsection.8.8.2}% 139
\BOOKMARK [3][-]{subsubsection.8.8.2.6}{\376\377\000j\000a\000c\000k\000\137\000t\000i\000m\000e\000\137\000t\000o\000\137\000f\000r\000a\000m\000e\000s}{subsection.8.8.2}% 140
\BOOKMARK [1][-]{section.8.9}{\376\377\000C\000o\000n\000t\000r\000o\000l\000l\000i\000n\000g\000\040\000e\000r\000r\000o\000r\000/\000i\000n\000f\000o\000r\000m\000a\000t\000i\000o\000n\000\040\000o\000u\000t\000p\000u\000t}{chapter.8}% 141
\BOOKMARK [2][-]{subsection.8.9.1}{\376\377\000F\000u\000n\000c\000t\000i\000o\000n\000\040\000D\000o\000c\000u\000m\000e\000n\000t\000a\000t\000i\000o\000n}{section.8.9}% 142
\BOOKMARK [3][-]{subsubsection.8.9.1.1}{\376\377\000j\000a\000c\000k\000\137\000s\000e\000t\000\137\000e\000r\000r\000o\000r\000\137\000f\000u\000n\000c\000t\000i\000o\000n}{subsection.8.9.1}% 143
\BOOKMARK [3][-]{subsubsection.8.9.1.2}{\376\377\000j\000a\000c\000k\000\137\000s\000e\000t\000\137\000i\000n\000f\000o\000\137\000f\000u\000n\000c\000t\000i\000o\000n}{subsection.8.9.1}% 144
\BOOKMARK [2][-]{subsection.8.9.2}{\376\377\000V\000a\000r\000i\000a\000b\000l\000e\000\040\000D\000o\000c\000u\000m\000e\000n\000t\000a\000t\000i\000o\000n}{section.8.9}% 145
\BOOKMARK [3][-]{subsubsection.8.9.2.1}{\376\377\000j\000a\000c\000k\000\137\000e\000r\000r\000o\000r\000\137\000c\000a\000l\000l\000b\000a\000c\000k}{subsection.8.9.2}% 146
\BOOKMARK [3][-]{subsubsection.8.9.2.2}{\376\377\000j\000a\000c\000k\000\137\000i\000n\000f\000o\000\137\000c\000a\000l\000l\000b\000a\000c\000k}{subsection.8.9.2}% 147
\BOOKMARK [1][-]{section.8.10}{\376\377\000R\000e\000a\000d\000i\000n\000g\000\040\000a\000n\000d\000\040\000w\000r\000i\000t\000i\000n\000g\000\040\000M\000I\000D\000I\000\040\000d\000a\000t\000a}{chapter.8}% 148
\BOOKMARK [2][-]{subsection.8.10.1}{\376\377\000F\000u\000n\000c\000t\000i\000o\000n\000\040\000D\000o\000c\000u\000m\000e\000n\000t\000a\000t\000i\000o\000n}{section.8.10}% 149
\BOOKMARK [3][-]{subsubsection.8.10.1.1}{\376\377\000j\000a\000c\000k\000\137\000m\000i\000d\000i\000\137\000c\000l\000e\000a\000r\000\137\000b\000u\000f\000f\000e\000r}{subsection.8.10.1}% 150
\BOOKMARK [3][-]{subsubsection.8.10.1.2}{\376\377\000j\000a\000c\000k\000\137\000m\000i\000d\000i\000\137\000e\000v\000e\000n\000t\000\137\000g\000e\000t}{subsection.8.10.1}% 151
\BOOKMARK [3][-]{subsubsection.8.10.1.3}{\376\377\000j\000a\000c\000k\000\137\000m\000i\000d\000i\000\137\000e\000v\000e\000n\000t\000\137\000r\000e\000s\000e\000r\000v\000e}{subsection.8.10.1}% 152
\BOOKMARK [3][-]{subsubsection.8.10.1.4}{\376\377\000j\000a\000c\000k\000\137\000m\000i\000d\000i\000\137\000e\000v\000e\000n\000t\000\137\000w\000r\000i\000t\000e}{subsection.8.10.1}% 153
\BOOKMARK [3][-]{subsubsection.8.10.1.5}{\376\377\000j\000a\000c\000k\000\137\000m\000i\000d\000i\000\137\000g\000e\000t\000\137\000e\000v\000e\000n\000t\000\137\000c\000o\000u\000n\000t}{subsection.8.10.1}% 154
\BOOKMARK [3][-]{subsubsection.8.10.1.6}{\376\377\000j\000a\000c\000k\000\137\000m\000i\000d\000i\000\137\000g\000e\000t\000\137\000l\000o\000s\000t\000\137\000e\000v\000e\000n\000t\000\137\000c\000o\000u\000n\000t}{subsection.8.10.1}% 155
\BOOKMARK [3][-]{subsubsection.8.10.1.7}{\376\377\000j\000a\000c\000k\000\137\000m\000i\000d\000i\000\137\000m\000a\000x\000\137\000e\000v\000e\000n\000t\000\137\000s\000i\000z\000e}{subsection.8.10.1}% 156
\BOOKMARK [1][-]{section.8.11}{\376\377\000C\000r\000e\000a\000t\000i\000n\000g\000\040\000a\000n\000d\000\040\000m\000a\000n\000a\000g\000i\000n\000g\000\040\000c\000l\000i\000e\000n\000t\000\040\000t\000h\000r\000e\000a\000d\000s}{chapter.8}% 157
\BOOKMARK [2][-]{subsection.8.11.1}{\376\377\000T\000y\000p\000e\000d\000e\000f\000\040\000D\000o\000c\000u\000m\000e\000n\000t\000a\000t\000i\000o\000n}{section.8.11}% 158
\BOOKMARK [3][-]{subsubsection.8.11.1.1}{\376\377\000j\000a\000c\000k\000\137\000t\000h\000r\000e\000a\000d\000\137\000c\000r\000e\000a\000t\000o\000r\000\137\000t}{subsection.8.11.1}% 159
\BOOKMARK [2][-]{subsection.8.11.2}{\376\377\000F\000u\000n\000c\000t\000i\000o\000n\000\040\000D\000o\000c\000u\000m\000e\000n\000t\000a\000t\000i\000o\000n}{section.8.11}% 160
\BOOKMARK [3][-]{subsubsection.8.11.2.1}{\376\377\000j\000a\000c\000k\000\137\000a\000c\000q\000u\000i\000r\000e\000\137\000r\000e\000a\000l\000\137\000t\000i\000m\000e\000\137\000s\000c\000h\000e\000d\000u\000l\000i\000n\000g}{subsection.8.11.2}% 161
\BOOKMARK [3][-]{subsubsection.8.11.2.2}{\376\377\000j\000a\000c\000k\000\137\000c\000l\000i\000e\000n\000t\000\137\000c\000r\000e\000a\000t\000e\000\137\000t\000h\000r\000e\000a\000d}{subsection.8.11.2}% 162
\BOOKMARK [3][-]{subsubsection.8.11.2.3}{\376\377\000j\000a\000c\000k\000\137\000c\000l\000i\000e\000n\000t\000\137\000k\000i\000l\000l\000\137\000t\000h\000r\000e\000a\000d}{subsection.8.11.2}% 163
\BOOKMARK [3][-]{subsubsection.8.11.2.4}{\376\377\000j\000a\000c\000k\000\137\000c\000l\000i\000e\000n\000t\000\137\000m\000a\000x\000\137\000r\000e\000a\000l\000\137\000t\000i\000m\000e\000\137\000p\000r\000i\000o\000r\000i\000t\000y}{subsection.8.11.2}% 164
\BOOKMARK [3][-]{subsubsection.8.11.2.5}{\376\377\000j\000a\000c\000k\000\137\000c\000l\000i\000e\000n\000t\000\137\000r\000e\000a\000l\000\137\000t\000i\000m\000e\000\137\000p\000r\000i\000o\000r\000i\000t\000y}{subsection.8.11.2}% 165
\BOOKMARK [3][-]{subsubsection.8.11.2.6}{\376\377\000j\000a\000c\000k\000\137\000c\000l\000i\000e\000n\000t\000\137\000s\000t\000o\000p\000\137\000t\000h\000r\000e\000a\000d}{subsection.8.11.2}% 166
\BOOKMARK [3][-]{subsubsection.8.11.2.7}{\376\377\000j\000a\000c\000k\000\137\000d\000r\000o\000p\000\137\000r\000e\000a\000l\000\137\000t\000i\000m\000e\000\137\000s\000c\000h\000e\000d\000u\000l\000i\000n\000g}{subsection.8.11.2}% 167
\BOOKMARK [3][-]{subsubsection.8.11.2.8}{\376\377\000j\000a\000c\000k\000\137\000s\000e\000t\000\137\000t\000h\000r\000e\000a\000d\000\137\000c\000r\000e\000a\000t\000o\000r}{subsection.8.11.2}% 168
\BOOKMARK [1][-]{section.8.12}{\376\377\000T\000r\000a\000n\000s\000p\000o\000r\000t\000\040\000a\000n\000d\000\040\000T\000i\000m\000e\000b\000a\000s\000e\000\040\000c\000o\000n\000t\000r\000o\000l}{chapter.8}% 169
\BOOKMARK [2][-]{subsection.8.12.1}{\376\377\000F\000u\000n\000c\000t\000i\000o\000n\000\040\000D\000o\000c\000u\000m\000e\000n\000t\000a\000t\000i\000o\000n}{section.8.12}% 170
\BOOKMARK [3][-]{subsubsection.8.12.1.1}{\376\377\000j\000a\000c\000k\000\137\000g\000e\000t\000\137\000c\000u\000r\000r\000e\000n\000t\000\137\000t\000r\000a\000n\000s\000p\000o\000r\000t\000\137\000f\000r\000a\000m\000e}{subsection.8.12.1}% 171
\BOOKMARK [3][-]{subsubsection.8.12.1.2}{\376\377\000j\000a\000c\000k\000\137\000g\000e\000t\000\137\000t\000r\000a\000n\000s\000p\000o\000r\000t\000\137\000i\000n\000f\000o}{subsection.8.12.1}% 172
\BOOKMARK [3][-]{subsubsection.8.12.1.3}{\376\377\000j\000a\000c\000k\000\137\000r\000e\000l\000e\000a\000s\000e\000\137\000t\000i\000m\000e\000b\000a\000s\000e}{subsection.8.12.1}% 173
\BOOKMARK [3][-]{subsubsection.8.12.1.4}{\376\377\000j\000a\000c\000k\000\137\000s\000e\000t\000\137\000s\000y\000n\000c\000\137\000c\000a\000l\000l\000b\000a\000c\000k}{subsection.8.12.1}% 174
\BOOKMARK [3][-]{subsubsection.8.12.1.5}{\376\377\000j\000a\000c\000k\000\137\000s\000e\000t\000\137\000s\000y\000n\000c\000\137\000t\000i\000m\000e\000o\000u\000t}{subsection.8.12.1}% 175
\BOOKMARK [3][-]{subsubsection.8.12.1.6}{\376\377\000j\000a\000c\000k\000\137\000s\000e\000t\000\137\000t\000i\000m\000e\000b\000a\000s\000e\000\137\000c\000a\000l\000l\000b\000a\000c\000k}{subsection.8.12.1}% 176
\BOOKMARK [3][-]{subsubsection.8.12.1.7}{\376\377\000j\000a\000c\000k\000\137\000s\000e\000t\000\137\000t\000r\000a\000n\000s\000p\000o\000r\000t\000\137\000i\000n\000f\000o}{subsection.8.12.1}% 177
\BOOKMARK [3][-]{subsubsection.8.12.1.8}{\376\377\000j\000a\000c\000k\000\137\000t\000r\000a\000n\000s\000p\000o\000r\000t\000\137\000l\000o\000c\000a\000t\000e}{subsection.8.12.1}% 178
\BOOKMARK [3][-]{subsubsection.8.12.1.9}{\376\377\000j\000a\000c\000k\000\137\000t\000r\000a\000n\000s\000p\000o\000r\000t\000\137\000q\000u\000e\000r\000y}{subsection.8.12.1}% 179
\BOOKMARK [3][-]{subsubsection.8.12.1.10}{\376\377\000j\000a\000c\000k\000\137\000t\000r\000a\000n\000s\000p\000o\000r\000t\000\137\000r\000e\000p\000o\000s\000i\000t\000i\000o\000n}{subsection.8.12.1}% 180
\BOOKMARK [3][-]{subsubsection.8.12.1.11}{\376\377\000j\000a\000c\000k\000\137\000t\000r\000a\000n\000s\000p\000o\000r\000t\000\137\000s\000t\000a\000r\000t}{subsection.8.12.1}% 181
\BOOKMARK [3][-]{subsubsection.8.12.1.12}{\376\377\000j\000a\000c\000k\000\137\000t\000r\000a\000n\000s\000p\000o\000r\000t\000\137\000s\000t\000o\000p}{subsection.8.12.1}% 182
\BOOKMARK [1][-]{section.8.13}{\376\377\000m\000a\000n\000a\000g\000i\000n\000g\000\040\000s\000u\000p\000p\000o\000r\000t\000\040\000f\000o\000r\000\040\000n\000e\000w\000e\000r\000/\000o\000l\000d\000e\000r\000\040\000v\000e\000r\000s\000i\000o\000n\000s\000\040\000o\000f\000\040\000J\000A\000C\000K}{chapter.8}% 183
\BOOKMARK [0][-]{chapter.9}{\376\377\000N\000a\000m\000e\000s\000p\000a\000c\000e\000\040\000D\000o\000c\000u\000m\000e\000n\000t\000a\000t\000i\000o\000n}{}% 184
\BOOKMARK [1][-]{section.9.1}{\376\377\000F\000f\000t\000w\000A\000d\000a\000p\000t\000e\000r\000\040\000N\000a\000m\000e\000s\000p\000a\000c\000e\000\040\000R\000e\000f\000e\000r\000e\000n\000c\000e}{chapter.9}% 185
\BOOKMARK [2][-]{subsection.9.1.1}{\376\377\000F\000u\000n\000c\000t\000i\000o\000n\000\040\000D\000o\000c\000u\000m\000e\000n\000t\000a\000t\000i\000o\000n}{section.9.1}% 186
\BOOKMARK [3][-]{subsubsection.9.1.1.1}{\376\377\000b\000l\000i\000t}{subsection.9.1.1}% 187
\BOOKMARK [3][-]{subsubsection.9.1.1.2}{\376\377\000b\000l\000i\000t}{subsection.9.1.1}% 188
\BOOKMARK [3][-]{subsubsection.9.1.1.3}{\376\377\000b\000l\000i\000t}{subsection.9.1.1}% 189
\BOOKMARK [3][-]{subsubsection.9.1.1.4}{\376\377\000b\000l\000i\000t}{subsection.9.1.1}% 190
\BOOKMARK [3][-]{subsubsection.9.1.1.5}{\376\377\000p\000e\000r\000f\000o\000r\000m\000F\000F\000T}{subsection.9.1.1}% 191
\BOOKMARK [3][-]{subsubsection.9.1.1.6}{\376\377\000p\000e\000r\000f\000o\000r\000m\000I\000n\000v\000e\000r\000s\000e\000F\000F\000T}{subsection.9.1.1}% 192
\BOOKMARK [1][-]{section.9.2}{\376\377\000U\000i\000\040\000N\000a\000m\000e\000s\000p\000a\000c\000e\000\040\000R\000e\000f\000e\000r\000e\000n\000c\000e}{chapter.9}% 193
\BOOKMARK [0][-]{chapter.10}{\376\377\000D\000a\000t\000a\000\040\000S\000t\000r\000u\000c\000t\000u\000r\000e\000\040\000D\000o\000c\000u\000m\000e\000n\000t\000a\000t\000i\000o\000n}{}% 194
\BOOKMARK [1][-]{section.10.1}{\376\377\000\137\000j\000a\000c\000k\000\137\000m\000i\000d\000i\000\137\000e\000v\000e\000n\000t\000\040\000S\000t\000r\000u\000c\000t\000\040\000R\000e\000f\000e\000r\000e\000n\000c\000e}{chapter.10}% 195
\BOOKMARK [2][-]{subsection.10.1.1}{\376\377\000D\000e\000t\000a\000i\000l\000e\000d\000\040\000D\000e\000s\000c\000r\000i\000p\000t\000i\000o\000n}{section.10.1}% 196
\BOOKMARK [2][-]{subsection.10.1.2}{\376\377\000F\000i\000e\000l\000d\000\040\000D\000o\000c\000u\000m\000e\000n\000t\000a\000t\000i\000o\000n}{section.10.1}% 197
\BOOKMARK [3][-]{subsubsection.10.1.2.1}{\376\377\000b\000u\000f\000f\000e\000r}{subsection.10.1.2}% 198
\BOOKMARK [3][-]{subsubsection.10.1.2.2}{\376\377\000s\000i\000z\000e}{subsection.10.1.2}% 199
\BOOKMARK [3][-]{subsubsection.10.1.2.3}{\376\377\000t\000i\000m\000e}{subsection.10.1.2}% 200
\BOOKMARK [1][-]{section.10.2}{\376\377\000\137\000J\000S\000L\000i\000s\000t\000\040\000S\000t\000r\000u\000c\000t\000\040\000R\000e\000f\000e\000r\000e\000n\000c\000e}{chapter.10}% 201
\BOOKMARK [2][-]{subsection.10.2.1}{\376\377\000D\000e\000t\000a\000i\000l\000e\000d\000\040\000D\000e\000s\000c\000r\000i\000p\000t\000i\000o\000n}{section.10.2}% 202
\BOOKMARK [2][-]{subsection.10.2.2}{\376\377\000F\000i\000e\000l\000d\000\040\000D\000o\000c\000u\000m\000e\000n\000t\000a\000t\000i\000o\000n}{section.10.2}% 203
\BOOKMARK [3][-]{subsubsection.10.2.2.1}{\376\377\000d\000a\000t\000a}{subsection.10.2.2}% 204
\BOOKMARK [3][-]{subsubsection.10.2.2.2}{\376\377\000n\000e\000x\000t}{subsection.10.2.2}% 205
\BOOKMARK [1][-]{section.10.3}{\376\377\000D\000i\000g\000i\000t\000a\000l\000E\000q\000u\000a\000l\000i\000z\000e\000r\000\040\000C\000l\000a\000s\000s\000\040\000R\000e\000f\000e\000r\000e\000n\000c\000e}{chapter.10}% 206
\BOOKMARK [2][-]{subsection.10.3.1}{\376\377\000D\000e\000t\000a\000i\000l\000e\000d\000\040\000D\000e\000s\000c\000r\000i\000p\000t\000i\000o\000n}{section.10.3}% 207
\BOOKMARK [2][-]{subsection.10.3.2}{\376\377\000C\000o\000n\000s\000t\000r\000u\000c\000t\000o\000r\000\040\000\046\000\040\000D\000e\000s\000t\000r\000u\000c\000t\000o\000r\000\040\000D\000o\000c\000u\000m\000e\000n\000t\000a\000t\000i\000o\000n}{section.10.3}% 208
\BOOKMARK [3][-]{subsubsection.10.3.2.1}{\376\377\000D\000i\000g\000i\000t\000a\000l\000E\000q\000u\000a\000l\000i\000z\000e\000r}{subsection.10.3.2}% 209
\BOOKMARK [3][-]{subsubsection.10.3.2.2}{\376\377\000D\000i\000g\000i\000t\000a\000l\000E\000q\000u\000a\000l\000i\000z\000e\000r}{subsection.10.3.2}% 210
\BOOKMARK [2][-]{subsection.10.3.3}{\376\377\000M\000e\000m\000b\000e\000r\000\040\000F\000u\000n\000c\000t\000i\000o\000n\000\040\000D\000o\000c\000u\000m\000e\000n\000t\000a\000t\000i\000o\000n}{section.10.3}% 211
\BOOKMARK [3][-]{subsubsection.10.3.3.1}{\376\377\000a\000c\000q\000u\000i\000r\000e\000C\000o\000n\000t\000r\000o\000l\000s}{subsection.10.3.3}% 212
\BOOKMARK [3][-]{subsubsection.10.3.3.2}{\376\377\000c\000o\000n\000t\000r\000o\000l\000s}{subsection.10.3.3}% 213
\BOOKMARK [3][-]{subsubsection.10.3.3.3}{\376\377\000g\000e\000n\000e\000r\000a\000t\000e\000F\000i\000l\000t\000e\000r}{subsection.10.3.3}% 214
\BOOKMARK [3][-]{subsubsection.10.3.3.4}{\376\377\000l\000o\000a\000d\000C\000o\000n\000t\000r\000o\000l\000s\000F\000r\000o\000m\000F\000i\000l\000e}{subsection.10.3.3}% 215
\BOOKMARK [3][-]{subsubsection.10.3.3.5}{\376\377\000n\000u\000m\000b\000e\000r\000O\000f\000C\000o\000n\000t\000r\000o\000l\000s}{subsection.10.3.3}% 216
\BOOKMARK [3][-]{subsubsection.10.3.3.6}{\376\377\000p\000r\000o\000c\000e\000s\000s}{subsection.10.3.3}% 217
\BOOKMARK [3][-]{subsubsection.10.3.3.7}{\376\377\000r\000e\000l\000e\000a\000s\000e\000C\000o\000n\000t\000r\000o\000l\000s}{subsection.10.3.3}% 218
\BOOKMARK [3][-]{subsubsection.10.3.3.8}{\376\377\000s\000a\000v\000e\000C\000o\000n\000t\000r\000o\000l\000s\000T\000o\000F\000i\000l\000e}{subsection.10.3.3}% 219
\BOOKMARK [3][-]{subsubsection.10.3.3.9}{\376\377\000s\000e\000t\000N\000u\000m\000b\000e\000r\000O\000f\000C\000o\000n\000t\000r\000o\000l\000s}{subsection.10.3.3}% 220
\BOOKMARK [1][-]{section.10.4}{\376\377\000E\000a\000r\000P\000r\000o\000c\000e\000s\000s\000o\000r\000\040\000C\000l\000a\000s\000s\000\040\000R\000e\000f\000e\000r\000e\000n\000c\000e}{chapter.10}% 221
\BOOKMARK [2][-]{subsection.10.4.1}{\376\377\000D\000e\000t\000a\000i\000l\000e\000d\000\040\000D\000e\000s\000c\000r\000i\000p\000t\000i\000o\000n}{section.10.4}% 222
\BOOKMARK [2][-]{subsection.10.4.2}{\376\377\000M\000e\000m\000b\000e\000r\000\040\000E\000n\000u\000m\000e\000r\000a\000t\000i\000o\000n\000\040\000D\000o\000c\000u\000m\000e\000n\000t\000a\000t\000i\000o\000n}{section.10.4}% 223
\BOOKMARK [3][-]{subsubsection.10.4.2.1}{\376\377\000C\000h\000a\000n\000n\000e\000l}{subsection.10.4.2}% 224
\BOOKMARK [3][-]{subsubsection.10.4.2.2}{\376\377\000O\000p\000e\000r\000a\000t\000i\000o\000n\000M\000o\000d\000e}{subsection.10.4.2}% 225
\BOOKMARK [3][-]{subsubsection.10.4.2.3}{\376\377\000S\000i\000g\000n\000a\000l\000S\000o\000u\000r\000c\000e}{subsection.10.4.2}% 226
\BOOKMARK [2][-]{subsection.10.4.3}{\376\377\000C\000o\000n\000s\000t\000r\000u\000c\000t\000o\000r\000\040\000\046\000\040\000D\000e\000s\000t\000r\000u\000c\000t\000o\000r\000\040\000D\000o\000c\000u\000m\000e\000n\000t\000a\000t\000i\000o\000n}{section.10.4}% 227
\BOOKMARK [3][-]{subsubsection.10.4.3.1}{\376\377\000E\000a\000r\000P\000r\000o\000c\000e\000s\000s\000o\000r}{subsection.10.4.3}% 228
\BOOKMARK [3][-]{subsubsection.10.4.3.2}{\376\377\000E\000a\000r\000P\000r\000o\000c\000e\000s\000s\000o\000r}{subsection.10.4.3}% 229
\BOOKMARK [2][-]{subsection.10.4.4}{\376\377\000M\000e\000m\000b\000e\000r\000\040\000F\000u\000n\000c\000t\000i\000o\000n\000\040\000D\000o\000c\000u\000m\000e\000n\000t\000a\000t\000i\000o\000n}{section.10.4}% 230
\BOOKMARK [3][-]{subsubsection.10.4.4.1}{\376\377\000a\000u\000t\000o\000m\000a\000t\000i\000c\000A\000d\000a\000p\000t\000i\000o\000n\000A\000c\000t\000i\000v\000e}{subsection.10.4.4}% 231
\BOOKMARK [3][-]{subsubsection.10.4.4.2}{\376\377\000b\000y\000p\000a\000s\000s\000A\000c\000t\000i\000v\000e}{subsection.10.4.4}% 232
\BOOKMARK [3][-]{subsubsection.10.4.4.3}{\376\377\000c\000a\000l\000i\000b\000r\000a\000t\000e}{subsection.10.4.4}% 233
\BOOKMARK [3][-]{subsubsection.10.4.4.4}{\376\377\000c\000a\000l\000i\000b\000r\000a\000t\000i\000o\000n\000F\000i\000n\000i\000s\000h\000e\000d}{subsection.10.4.4}% 234
\BOOKMARK [3][-]{subsubsection.10.4.4.5}{\376\377\000l\000e\000f\000t\000E\000q\000u\000a\000l\000i\000z\000e\000r}{subsection.10.4.4}% 235
\BOOKMARK [3][-]{subsubsection.10.4.4.6}{\376\377\000l\000e\000f\000t\000L\000a\000t\000e\000n\000c\000y}{subsection.10.4.4}% 236
\BOOKMARK [3][-]{subsubsection.10.4.4.7}{\376\377\000m\000i\000c\000r\000o\000p\000h\000o\000n\000e\000L\000e\000v\000e\000l\000L\000e\000f\000t}{subsection.10.4.4}% 237
\BOOKMARK [3][-]{subsubsection.10.4.4.8}{\376\377\000m\000i\000c\000r\000o\000p\000h\000o\000n\000e\000L\000e\000v\000e\000l\000R\000i\000g\000h\000t}{subsection.10.4.4}% 238
\BOOKMARK [3][-]{subsubsection.10.4.4.9}{\376\377\000p\000r\000o\000c\000e\000s\000s}{subsection.10.4.4}% 239
\BOOKMARK [3][-]{subsubsection.10.4.4.10}{\376\377\000r\000i\000g\000h\000t\000E\000q\000u\000a\000l\000i\000z\000e\000r}{subsection.10.4.4}% 240
\BOOKMARK [3][-]{subsubsection.10.4.4.11}{\376\377\000r\000i\000g\000h\000t\000L\000a\000t\000e\000n\000c\000y}{subsection.10.4.4}% 241
\BOOKMARK [3][-]{subsubsection.10.4.4.12}{\376\377\000s\000e\000t\000A\000u\000t\000o\000m\000a\000t\000i\000c\000A\000d\000a\000p\000t\000i\000o\000n\000A\000c\000t\000i\000v\000e}{subsection.10.4.4}% 242
\BOOKMARK [3][-]{subsubsection.10.4.4.13}{\376\377\000s\000e\000t\000B\000y\000p\000a\000s\000s\000A\000c\000t\000i\000v\000e}{subsection.10.4.4}% 243
\BOOKMARK [3][-]{subsubsection.10.4.4.14}{\376\377\000s\000e\000t\000M\000o\000d\000e\000T\000o\000R\000e\000c\000t\000i\000f\000i\000c\000a\000t\000i\000o\000n}{subsection.10.4.4}% 244
\BOOKMARK [3][-]{subsubsection.10.4.4.15}{\376\377\000s\000e\000t\000S\000i\000g\000n\000a\000l\000S\000o\000u\000r\000c\000e}{subsection.10.4.4}% 245
\BOOKMARK [3][-]{subsubsection.10.4.4.16}{\376\377\000s\000i\000g\000n\000a\000l\000S\000o\000u\000r\000c\000e}{subsection.10.4.4}% 246
\BOOKMARK [3][-]{subsubsection.10.4.4.17}{\376\377\000s\000i\000g\000n\000a\000l\000S\000o\000u\000r\000c\000e\000L\000e\000v\000e\000l\000L\000e\000f\000t}{subsection.10.4.4}% 247
\BOOKMARK [3][-]{subsubsection.10.4.4.18}{\376\377\000s\000i\000g\000n\000a\000l\000S\000o\000u\000r\000c\000e\000L\000e\000v\000e\000l\000R\000i\000g\000h\000t}{subsection.10.4.4}% 248
\BOOKMARK [1][-]{section.10.5}{\376\377\000f\000f\000t\000w\000\137\000i\000o\000d\000i\000m\0006\0004\000\137\000d\000o\000\137\000n\000o\000t\000\137\000u\000s\000e\000\137\000m\000e\000\040\000S\000t\000r\000u\000c\000t\000\040\000R\000e\000f\000e\000r\000e\000n\000c\000e}{chapter.10}% 249
\BOOKMARK [2][-]{subsection.10.5.1}{\376\377\000D\000e\000t\000a\000i\000l\000e\000d\000\040\000D\000e\000s\000c\000r\000i\000p\000t\000i\000o\000n}{section.10.5}% 250
\BOOKMARK [2][-]{subsection.10.5.2}{\376\377\000F\000i\000e\000l\000d\000\040\000D\000o\000c\000u\000m\000e\000n\000t\000a\000t\000i\000o\000n}{section.10.5}% 251
\BOOKMARK [3][-]{subsubsection.10.5.2.1}{\376\377\000i\000s}{subsection.10.5.2}% 252
\BOOKMARK [3][-]{subsubsection.10.5.2.2}{\376\377\000n}{subsection.10.5.2}% 253
\BOOKMARK [3][-]{subsubsection.10.5.2.3}{\376\377\000o\000s}{subsection.10.5.2}% 254
\BOOKMARK [1][-]{section.10.6}{\376\377\000f\000f\000t\000w\000\137\000i\000o\000d\000i\000m\000\137\000d\000o\000\137\000n\000o\000t\000\137\000u\000s\000e\000\137\000m\000e\000\040\000S\000t\000r\000u\000c\000t\000\040\000R\000e\000f\000e\000r\000e\000n\000c\000e}{chapter.10}% 255
\BOOKMARK [2][-]{subsection.10.6.1}{\376\377\000D\000e\000t\000a\000i\000l\000e\000d\000\040\000D\000e\000s\000c\000r\000i\000p\000t\000i\000o\000n}{section.10.6}% 256
\BOOKMARK [2][-]{subsection.10.6.2}{\376\377\000F\000i\000e\000l\000d\000\040\000D\000o\000c\000u\000m\000e\000n\000t\000a\000t\000i\000o\000n}{section.10.6}% 257
\BOOKMARK [3][-]{subsubsection.10.6.2.1}{\376\377\000i\000s}{subsection.10.6.2}% 258
\BOOKMARK [3][-]{subsubsection.10.6.2.2}{\376\377\000n}{subsection.10.6.2}% 259
\BOOKMARK [3][-]{subsubsection.10.6.2.3}{\376\377\000o\000s}{subsection.10.6.2}% 260
\BOOKMARK [1][-]{section.10.7}{\376\377\000j\000a\000c\000k\000\137\000r\000i\000n\000g\000b\000u\000f\000f\000e\000r\000\137\000d\000a\000t\000a\000\137\000t\000\040\000S\000t\000r\000u\000c\000t\000\040\000R\000e\000f\000e\000r\000e\000n\000c\000e}{chapter.10}% 261
\BOOKMARK [2][-]{subsection.10.7.1}{\376\377\000D\000e\000t\000a\000i\000l\000e\000d\000\040\000D\000e\000s\000c\000r\000i\000p\000t\000i\000o\000n}{section.10.7}% 262
\BOOKMARK [2][-]{subsection.10.7.2}{\376\377\000F\000i\000e\000l\000d\000\040\000D\000o\000c\000u\000m\000e\000n\000t\000a\000t\000i\000o\000n}{section.10.7}% 263
\BOOKMARK [3][-]{subsubsection.10.7.2.1}{\376\377\000b\000u\000f}{subsection.10.7.2}% 264
\BOOKMARK [3][-]{subsubsection.10.7.2.2}{\376\377\000l\000e\000n}{subsection.10.7.2}% 265
\BOOKMARK [1][-]{section.10.8}{\376\377\000j\000a\000c\000k\000\137\000r\000i\000n\000g\000b\000u\000f\000f\000e\000r\000\137\000t\000\040\000S\000t\000r\000u\000c\000t\000\040\000R\000e\000f\000e\000r\000e\000n\000c\000e}{chapter.10}% 266
\BOOKMARK [2][-]{subsection.10.8.1}{\376\377\000D\000e\000t\000a\000i\000l\000e\000d\000\040\000D\000e\000s\000c\000r\000i\000p\000t\000i\000o\000n}{section.10.8}% 267
\BOOKMARK [2][-]{subsection.10.8.2}{\376\377\000F\000i\000e\000l\000d\000\040\000D\000o\000c\000u\000m\000e\000n\000t\000a\000t\000i\000o\000n}{section.10.8}% 268
\BOOKMARK [3][-]{subsubsection.10.8.2.1}{\376\377\000b\000u\000f}{subsection.10.8.2}% 269
\BOOKMARK [3][-]{subsubsection.10.8.2.2}{\376\377\000m\000l\000o\000c\000k\000e\000d}{subsection.10.8.2}% 270
\BOOKMARK [3][-]{subsubsection.10.8.2.3}{\376\377\000r\000e\000a\000d\000\137\000p\000t\000r}{subsection.10.8.2}% 271
\BOOKMARK [3][-]{subsubsection.10.8.2.4}{\376\377\000s\000i\000z\000e}{subsection.10.8.2}% 272
\BOOKMARK [3][-]{subsubsection.10.8.2.5}{\376\377\000s\000i\000z\000e\000\137\000m\000a\000s\000k}{subsection.10.8.2}% 273
\BOOKMARK [3][-]{subsubsection.10.8.2.6}{\376\377\000w\000r\000i\000t\000e\000\137\000p\000t\000r}{subsection.10.8.2}% 274
\BOOKMARK [1][-]{section.10.9}{\376\377\000J\000a\000c\000k\000A\000d\000a\000p\000t\000e\000r\000\040\000C\000l\000a\000s\000s\000\040\000R\000e\000f\000e\000r\000e\000n\000c\000e}{chapter.10}% 275
\BOOKMARK [2][-]{subsection.10.9.1}{\376\377\000D\000e\000t\000a\000i\000l\000e\000d\000\040\000D\000e\000s\000c\000r\000i\000p\000t\000i\000o\000n}{section.10.9}% 276
\BOOKMARK [2][-]{subsection.10.9.2}{\376\377\000M\000e\000m\000b\000e\000r\000\040\000F\000u\000n\000c\000t\000i\000o\000n\000\040\000D\000o\000c\000u\000m\000e\000n\000t\000a\000t\000i\000o\000n}{section.10.9}% 277
\BOOKMARK [3][-]{subsubsection.10.9.2.1}{\376\377\000b\000u\000f\000f\000e\000r\000S\000i\000z\000e}{subsection.10.9.2}% 278
\BOOKMARK [3][-]{subsubsection.10.9.2.2}{\376\377\000c\000o\000n\000n\000e\000c\000t\000T\000o\000S\000e\000r\000v\000e\000r}{subsection.10.9.2}% 279
\BOOKMARK [3][-]{subsubsection.10.9.2.3}{\376\377\000c\000p\000u\000L\000o\000a\000d}{subsection.10.9.2}% 280
\BOOKMARK [3][-]{subsubsection.10.9.2.4}{\376\377\000e\000r\000r\000o\000r}{subsection.10.9.2}% 281
\BOOKMARK [3][-]{subsubsection.10.9.2.5}{\376\377\000i\000n\000s\000t\000a\000n\000c\000e}{subsection.10.9.2}% 282
\BOOKMARK [3][-]{subsubsection.10.9.2.6}{\376\377\000r\000e\000g\000i\000s\000t\000e\000r\000S\000t\000e\000r\000e\000o\000I\000n\000p\000u\000t\000P\000o\000r\000t}{subsection.10.9.2}% 283
\BOOKMARK [3][-]{subsubsection.10.9.2.7}{\376\377\000r\000e\000g\000i\000s\000t\000e\000r\000S\000t\000e\000r\000e\000o\000O\000u\000t\000p\000u\000t\000P\000o\000r\000t}{subsection.10.9.2}% 284
\BOOKMARK [3][-]{subsubsection.10.9.2.8}{\376\377\000s\000a\000m\000p\000l\000e\000R\000a\000t\000e}{subsection.10.9.2}% 285
\BOOKMARK [3][-]{subsubsection.10.9.2.9}{\376\377\000s\000e\000t\000P\000r\000o\000c\000e\000s\000s\000o\000r}{subsection.10.9.2}% 286
\BOOKMARK [3][-]{subsubsection.10.9.2.10}{\376\377\000s\000t\000a\000r\000t\000A\000u\000d\000i\000o\000P\000r\000o\000c\000e\000s\000s\000i\000n\000g}{subsection.10.9.2}% 287
\BOOKMARK [3][-]{subsubsection.10.9.2.11}{\376\377\000s\000t\000e\000r\000e\000o\000I\000n\000p\000u\000t\000P\000o\000r\000t}{subsection.10.9.2}% 288
\BOOKMARK [3][-]{subsubsection.10.9.2.12}{\376\377\000s\000t\000e\000r\000e\000o\000O\000u\000t\000p\000u\000t\000P\000o\000r\000t}{subsection.10.9.2}% 289
\BOOKMARK [3][-]{subsubsection.10.9.2.13}{\376\377\000s\000t\000o\000p\000A\000u\000d\000i\000o\000P\000r\000o\000c\000e\000s\000s\000i\000n\000g}{subsection.10.9.2}% 290
\BOOKMARK [1][-]{section.10.10}{\376\377\000j\000a\000c\000k\000c\000t\000l\000\137\000p\000a\000r\000a\000m\000e\000t\000e\000r\000\137\000v\000a\000l\000u\000e\000\040\000U\000n\000i\000o\000n\000\040\000R\000e\000f\000e\000r\000e\000n\000c\000e}{chapter.10}% 291
\BOOKMARK [2][-]{subsection.10.10.1}{\376\377\000D\000e\000t\000a\000i\000l\000e\000d\000\040\000D\000e\000s\000c\000r\000i\000p\000t\000i\000o\000n}{section.10.10}% 292
\BOOKMARK [2][-]{subsection.10.10.2}{\376\377\000F\000i\000e\000l\000d\000\040\000D\000o\000c\000u\000m\000e\000n\000t\000a\000t\000i\000o\000n}{section.10.10}% 293
\BOOKMARK [3][-]{subsubsection.10.10.2.1}{\376\377\000b}{subsection.10.10.2}% 294
\BOOKMARK [3][-]{subsubsection.10.10.2.2}{\376\377\000c}{subsection.10.10.2}% 295
\BOOKMARK [3][-]{subsubsection.10.10.2.3}{\376\377\000i}{subsection.10.10.2}% 296
\BOOKMARK [3][-]{subsubsection.10.10.2.4}{\376\377\000s\000t\000r}{subsection.10.10.2}% 297
\BOOKMARK [3][-]{subsubsection.10.10.2.5}{\376\377\000u\000i}{subsection.10.10.2}% 298
\BOOKMARK [1][-]{section.10.11}{\376\377\000J\000N\000o\000i\000s\000e\000\040\000C\000l\000a\000s\000s\000\040\000R\000e\000f\000e\000r\000e\000n\000c\000e}{chapter.10}% 299
\BOOKMARK [2][-]{subsection.10.11.1}{\376\377\000D\000e\000t\000a\000i\000l\000e\000d\000\040\000D\000e\000s\000c\000r\000i\000p\000t\000i\000o\000n}{section.10.11}% 300
\BOOKMARK [2][-]{subsection.10.11.2}{\376\377\000C\000o\000n\000s\000t\000r\000u\000c\000t\000o\000r\000\040\000\046\000\040\000D\000e\000s\000t\000r\000u\000c\000t\000o\000r\000\040\000D\000o\000c\000u\000m\000e\000n\000t\000a\000t\000i\000o\000n}{section.10.11}% 301
\BOOKMARK [3][-]{subsubsection.10.11.2.1}{\376\377\000J\000N\000o\000i\000s\000e}{subsection.10.11.2}% 302
\BOOKMARK [2][-]{subsection.10.11.3}{\376\377\000M\000e\000m\000b\000e\000r\000\040\000F\000u\000n\000c\000t\000i\000o\000n\000\040\000D\000o\000c\000u\000m\000e\000n\000t\000a\000t\000i\000o\000n}{section.10.11}% 303
\BOOKMARK [3][-]{subsubsection.10.11.3.1}{\376\377\000p\000r\000o\000c\000e\000s\000s}{subsection.10.11.3}% 304
\BOOKMARK [1][-]{section.10.12}{\376\377\000M\000a\000i\000n\000W\000i\000n\000d\000o\000w\000\040\000C\000l\000a\000s\000s\000\040\000R\000e\000f\000e\000r\000e\000n\000c\000e}{chapter.10}% 305
\BOOKMARK [2][-]{subsection.10.12.1}{\376\377\000D\000e\000t\000a\000i\000l\000e\000d\000\040\000D\000e\000s\000c\000r\000i\000p\000t\000i\000o\000n}{section.10.12}% 306
\BOOKMARK [2][-]{subsection.10.12.2}{\376\377\000C\000o\000n\000s\000t\000r\000u\000c\000t\000o\000r\000\040\000\046\000\040\000D\000e\000s\000t\000r\000u\000c\000t\000o\000r\000\040\000D\000o\000c\000u\000m\000e\000n\000t\000a\000t\000i\000o\000n}{section.10.12}% 307
\BOOKMARK [3][-]{subsubsection.10.12.2.1}{\376\377\000M\000a\000i\000n\000W\000i\000n\000d\000o\000w}{subsection.10.12.2}% 308
\BOOKMARK [3][-]{subsubsection.10.12.2.2}{\376\377\000M\000a\000i\000n\000W\000i\000n\000d\000o\000w}{subsection.10.12.2}% 309
\BOOKMARK [2][-]{subsection.10.12.3}{\376\377\000M\000e\000m\000b\000e\000r\000\040\000F\000u\000n\000c\000t\000i\000o\000n\000\040\000D\000o\000c\000u\000m\000e\000n\000t\000a\000t\000i\000o\000n}{section.10.12}% 310
\BOOKMARK [3][-]{subsubsection.10.12.3.1}{\376\377\000c\000l\000o\000s\000e\000E\000v\000e\000n\000t}{subsection.10.12.3}% 311
\BOOKMARK [1][-]{section.10.13}{\376\377\000P\000R\000B\000S\000G\000e\000n\000e\000r\000a\000t\000o\000r\000\040\000C\000l\000a\000s\000s\000\040\000R\000e\000f\000e\000r\000e\000n\000c\000e}{chapter.10}% 312
\BOOKMARK [2][-]{subsection.10.13.1}{\376\377\000D\000e\000t\000a\000i\000l\000e\000d\000\040\000D\000e\000s\000c\000r\000i\000p\000t\000i\000o\000n}{section.10.13}% 313
\BOOKMARK [2][-]{subsection.10.13.2}{\376\377\000M\000e\000m\000b\000e\000r\000\040\000E\000n\000u\000m\000e\000r\000a\000t\000i\000o\000n\000\040\000D\000o\000c\000u\000m\000e\000n\000t\000a\000t\000i\000o\000n}{section.10.13}% 314
\BOOKMARK [3][-]{subsubsection.10.13.2.1}{\376\377\000a\000n\000o\000n\000y\000m\000o\000u\000s\000\040\000e\000n\000u\000m}{subsection.10.13.2}% 315
\BOOKMARK [2][-]{subsection.10.13.3}{\376\377\000C\000o\000n\000s\000t\000r\000u\000c\000t\000o\000r\000\040\000\046\000\040\000D\000e\000s\000t\000r\000u\000c\000t\000o\000r\000\040\000D\000o\000c\000u\000m\000e\000n\000t\000a\000t\000i\000o\000n}{section.10.13}% 316
\BOOKMARK [3][-]{subsubsection.10.13.3.1}{\376\377\000P\000R\000B\000S\000G\000e\000n\000e\000r\000a\000t\000o\000r}{subsection.10.13.3}% 317
\BOOKMARK [3][-]{subsubsection.10.13.3.2}{\376\377\000P\000R\000B\000S\000G\000e\000n\000e\000r\000a\000t\000o\000r}{subsection.10.13.3}% 318
\BOOKMARK [2][-]{subsection.10.13.4}{\376\377\000M\000e\000m\000b\000e\000r\000\040\000F\000u\000n\000c\000t\000i\000o\000n\000\040\000D\000o\000c\000u\000m\000e\000n\000t\000a\000t\000i\000o\000n}{section.10.13}% 319
\BOOKMARK [3][-]{subsubsection.10.13.4.1}{\376\377\000c\000r\000c\000\137\000i\000n}{subsection.10.13.4}% 320
\BOOKMARK [3][-]{subsubsection.10.13.4.2}{\376\377\000c\000r\000c\000\137\000o\000u\000t}{subsection.10.13.4}% 321
\BOOKMARK [3][-]{subsubsection.10.13.4.3}{\376\377\000d\000e\000g\000r}{subsection.10.13.4}% 322
\BOOKMARK [3][-]{subsubsection.10.13.4.4}{\376\377\000h\000b\000i\000t}{subsection.10.13.4}% 323
\BOOKMARK [3][-]{subsubsection.10.13.4.5}{\376\377\000m\000a\000s\000k}{subsection.10.13.4}% 324
\BOOKMARK [3][-]{subsubsection.10.13.4.6}{\376\377\000p\000o\000l\000y}{subsection.10.13.4}% 325
\BOOKMARK [3][-]{subsubsection.10.13.4.7}{\376\377\000s\000e\000t\000P\000o\000l\000y}{subsection.10.13.4}% 326
\BOOKMARK [3][-]{subsubsection.10.13.4.8}{\376\377\000s\000e\000t\000S\000t\000a\000t}{subsection.10.13.4}% 327
\BOOKMARK [3][-]{subsubsection.10.13.4.9}{\376\377\000s\000t\000a\000t}{subsection.10.13.4}% 328
\BOOKMARK [3][-]{subsubsection.10.13.4.10}{\376\377\000s\000t\000e\000p}{subsection.10.13.4}% 329
\BOOKMARK [3][-]{subsubsection.10.13.4.11}{\376\377\000s\000y\000n\000c\000\137\000b\000a\000c\000k}{subsection.10.13.4}% 330
\BOOKMARK [3][-]{subsubsection.10.13.4.12}{\376\377\000s\000y\000n\000c\000\137\000f\000o\000r\000w}{subsection.10.13.4}% 331
\BOOKMARK [1][-]{section.10.14}{\376\377\000P\000r\000o\000c\000e\000s\000s\000o\000r\000\040\000C\000l\000a\000s\000s\000\040\000R\000e\000f\000e\000r\000e\000n\000c\000e}{chapter.10}% 332
\BOOKMARK [2][-]{subsection.10.14.1}{\376\377\000D\000e\000t\000a\000i\000l\000e\000d\000\040\000D\000e\000s\000c\000r\000i\000p\000t\000i\000o\000n}{section.10.14}% 333
\BOOKMARK [2][-]{subsection.10.14.2}{\376\377\000C\000o\000n\000s\000t\000r\000u\000c\000t\000o\000r\000\040\000\046\000\040\000D\000e\000s\000t\000r\000u\000c\000t\000o\000r\000\040\000D\000o\000c\000u\000m\000e\000n\000t\000a\000t\000i\000o\000n}{section.10.14}% 334
\BOOKMARK [3][-]{subsubsection.10.14.2.1}{\376\377\000P\000r\000o\000c\000e\000s\000s\000o\000r}{subsection.10.14.2}% 335
\BOOKMARK [3][-]{subsubsection.10.14.2.2}{\376\377\000P\000r\000o\000c\000e\000s\000s\000o\000r}{subsection.10.14.2}% 336
\BOOKMARK [2][-]{subsection.10.14.3}{\376\377\000M\000e\000m\000b\000e\000r\000\040\000F\000u\000n\000c\000t\000i\000o\000n\000\040\000D\000o\000c\000u\000m\000e\000n\000t\000a\000t\000i\000o\000n}{section.10.14}% 337
\BOOKMARK [3][-]{subsubsection.10.14.3.1}{\376\377\000p\000r\000o\000c\000e\000s\000s}{subsection.10.14.3}% 338
\BOOKMARK [1][-]{section.10.15}{\376\377\000R\000a\000n\000d\000o\000m\000G\000e\000n\000e\000r\000a\000t\000o\000r\000\040\000C\000l\000a\000s\000s\000\040\000R\000e\000f\000e\000r\000e\000n\000c\000e}{chapter.10}% 339
\BOOKMARK [2][-]{subsection.10.15.1}{\376\377\000D\000e\000t\000a\000i\000l\000e\000d\000\040\000D\000e\000s\000c\000r\000i\000p\000t\000i\000o\000n}{section.10.15}% 340
\BOOKMARK [2][-]{subsection.10.15.2}{\376\377\000C\000o\000n\000s\000t\000r\000u\000c\000t\000o\000r\000\040\000\046\000\040\000D\000e\000s\000t\000r\000u\000c\000t\000o\000r\000\040\000D\000o\000c\000u\000m\000e\000n\000t\000a\000t\000i\000o\000n}{section.10.15}% 341
\BOOKMARK [3][-]{subsubsection.10.15.2.1}{\376\377\000R\000a\000n\000d\000o\000m\000G\000e\000n\000e\000r\000a\000t\000o\000r}{subsection.10.15.2}% 342
\BOOKMARK [3][-]{subsubsection.10.15.2.2}{\376\377\000R\000a\000n\000d\000o\000m\000G\000e\000n\000e\000r\000a\000t\000o\000r}{subsection.10.15.2}% 343
\BOOKMARK [3][-]{subsubsection.10.15.2.3}{\376\377\000R\000a\000n\000d\000o\000m\000G\000e\000n\000e\000r\000a\000t\000o\000r}{subsection.10.15.2}% 344
\BOOKMARK [2][-]{subsection.10.15.3}{\376\377\000M\000e\000m\000b\000e\000r\000\040\000F\000u\000n\000c\000t\000i\000o\000n\000\040\000D\000o\000c\000u\000m\000e\000n\000t\000a\000t\000i\000o\000n}{section.10.15}% 345
\BOOKMARK [3][-]{subsubsection.10.15.3.1}{\376\377\000g\000r\000a\000n\000d}{subsection.10.15.3}% 346
\BOOKMARK [3][-]{subsubsection.10.15.3.2}{\376\377\000g\000r\000a\000n\000d}{subsection.10.15.3}% 347
\BOOKMARK [3][-]{subsubsection.10.15.3.3}{\376\377\000g\000r\000a\000n\000d\000f}{subsection.10.15.3}% 348
\BOOKMARK [3][-]{subsubsection.10.15.3.4}{\376\377\000g\000r\000a\000n\000d\000f}{subsection.10.15.3}% 349
\BOOKMARK [3][-]{subsubsection.10.15.3.5}{\376\377\000i\000n\000i\000t}{subsection.10.15.3}% 350
\BOOKMARK [3][-]{subsubsection.10.15.3.6}{\376\377\000i\000r\000a\000n\000d}{subsection.10.15.3}% 351
\BOOKMARK [3][-]{subsubsection.10.15.3.7}{\376\377\000o\000p\000e\000r\000a\000t\000o\000r\000=}{subsection.10.15.3}% 352
\BOOKMARK [3][-]{subsubsection.10.15.3.8}{\376\377\000u\000r\000a\000n\000d}{subsection.10.15.3}% 353
\BOOKMARK [3][-]{subsubsection.10.15.3.9}{\376\377\000u\000r\000a\000n\000d\000f}{subsection.10.15.3}% 354
\BOOKMARK [1][-]{section.10.16}{\376\377\000S\000e\000m\000a\000p\000h\000o\000r\000e\000L\000o\000c\000k\000e\000r\000\040\000C\000l\000a\000s\000s\000\040\000R\000e\000f\000e\000r\000e\000n\000c\000e}{chapter.10}% 355
\BOOKMARK [2][-]{subsection.10.16.1}{\376\377\000D\000e\000t\000a\000i\000l\000e\000d\000\040\000D\000e\000s\000c\000r\000i\000p\000t\000i\000o\000n}{section.10.16}% 356
\BOOKMARK [2][-]{subsection.10.16.2}{\376\377\000C\000o\000n\000s\000t\000r\000u\000c\000t\000o\000r\000\040\000\046\000\040\000D\000e\000s\000t\000r\000u\000c\000t\000o\000r\000\040\000D\000o\000c\000u\000m\000e\000n\000t\000a\000t\000i\000o\000n}{section.10.16}% 357
\BOOKMARK [3][-]{subsubsection.10.16.2.1}{\376\377\000S\000e\000m\000a\000p\000h\000o\000r\000e\000L\000o\000c\000k\000e\000r}{subsection.10.16.2}% 358
\BOOKMARK [3][-]{subsubsection.10.16.2.2}{\376\377\000S\000e\000m\000a\000p\000h\000o\000r\000e\000L\000o\000c\000k\000e\000r}{subsection.10.16.2}% 359
\BOOKMARK [1][-]{section.10.17}{\376\377\000S\000t\000e\000r\000e\000o\000P\000o\000r\000t\000\040\000S\000t\000r\000u\000c\000t\000\040\000R\000e\000f\000e\000r\000e\000n\000c\000e}{chapter.10}% 360
\BOOKMARK [2][-]{subsection.10.17.1}{\376\377\000D\000e\000t\000a\000i\000l\000e\000d\000\040\000D\000e\000s\000c\000r\000i\000p\000t\000i\000o\000n}{section.10.17}% 361
\BOOKMARK [2][-]{subsection.10.17.2}{\376\377\000M\000e\000m\000b\000e\000r\000\040\000F\000u\000n\000c\000t\000i\000o\000n\000\040\000D\000o\000c\000u\000m\000e\000n\000t\000a\000t\000i\000o\000n}{section.10.17}% 362
\BOOKMARK [3][-]{subsubsection.10.17.2.1}{\376\377\000l\000e\000f\000t\000C\000h\000a\000n\000n\000e\000l\000B\000u\000f\000f\000e\000r}{subsection.10.17.2}% 363
\BOOKMARK [3][-]{subsubsection.10.17.2.2}{\376\377\000r\000i\000g\000h\000t\000C\000h\000a\000n\000n\000e\000l\000B\000u\000f\000f\000e\000r}{subsection.10.17.2}% 364
\BOOKMARK [2][-]{subsection.10.17.3}{\376\377\000F\000r\000i\000e\000n\000d\000s\000\040\000A\000n\000d\000\040\000R\000e\000l\000a\000t\000e\000d\000\040\000F\000u\000n\000c\000t\000i\000o\000n\000\040\000D\000o\000c\000u\000m\000e\000n\000t\000a\000t\000i\000o\000n}{section.10.17}% 365
\BOOKMARK [3][-]{subsubsection.10.17.3.1}{\376\377\000J\000a\000c\000k\000A\000d\000a\000p\000t\000e\000r}{subsection.10.17.3}% 366
\BOOKMARK [1][-]{section.10.18}{\376\377\000V\000i\000s\000u\000a\000l\000i\000z\000e\000r\000W\000i\000d\000g\000e\000t\000\040\000C\000l\000a\000s\000s\000\040\000R\000e\000f\000e\000r\000e\000n\000c\000e}{chapter.10}% 367
\BOOKMARK [2][-]{subsection.10.18.1}{\376\377\000D\000e\000t\000a\000i\000l\000e\000d\000\040\000D\000e\000s\000c\000r\000i\000p\000t\000i\000o\000n}{section.10.18}% 368
\BOOKMARK [2][-]{subsection.10.18.2}{\376\377\000C\000o\000n\000s\000t\000r\000u\000c\000t\000o\000r\000\040\000\046\000\040\000D\000e\000s\000t\000r\000u\000c\000t\000o\000r\000\040\000D\000o\000c\000u\000m\000e\000n\000t\000a\000t\000i\000o\000n}{section.10.18}% 369
\BOOKMARK [3][-]{subsubsection.10.18.2.1}{\376\377\000V\000i\000s\000u\000a\000l\000i\000z\000e\000r\000W\000i\000d\000g\000e\000t}{subsection.10.18.2}% 370
\BOOKMARK [2][-]{subsection.10.18.3}{\376\377\000M\000e\000m\000b\000e\000r\000\040\000F\000u\000n\000c\000t\000i\000o\000n\000\040\000D\000o\000c\000u\000m\000e\000n\000t\000a\000t\000i\000o\000n}{section.10.18}% 371
\BOOKMARK [3][-]{subsubsection.10.18.3.1}{\376\377\000i\000n\000i\000t\000i\000a\000l\000i\000z\000e\000G\000L}{subsection.10.18.3}% 372
\BOOKMARK [3][-]{subsubsection.10.18.3.2}{\376\377\000m\000o\000u\000s\000e\000M\000o\000v\000e\000E\000v\000e\000n\000t}{subsection.10.18.3}% 373
\BOOKMARK [3][-]{subsubsection.10.18.3.3}{\376\377\000m\000o\000u\000s\000e\000P\000r\000e\000s\000s\000E\000v\000e\000n\000t}{subsection.10.18.3}% 374
\BOOKMARK [3][-]{subsubsection.10.18.3.4}{\376\377\000m\000o\000u\000s\000e\000R\000e\000l\000e\000a\000s\000e\000E\000v\000e\000n\000t}{subsection.10.18.3}% 375
\BOOKMARK [3][-]{subsubsection.10.18.3.5}{\376\377\000p\000a\000i\000n\000t\000G\000L}{subsection.10.18.3}% 376
\BOOKMARK [3][-]{subsubsection.10.18.3.6}{\376\377\000r\000e\000s\000i\000z\000e\000G\000L}{subsection.10.18.3}% 377
\BOOKMARK [3][-]{subsubsection.10.18.3.7}{\376\377\000w\000h\000e\000e\000l\000E\000v\000e\000n\000t}{subsection.10.18.3}% 378
\BOOKMARK [0][-]{chapter.11}{\376\377\000F\000i\000l\000e\000\040\000D\000o\000c\000u\000m\000e\000n\000t\000a\000t\000i\000o\000n}{}% 379
\BOOKMARK [1][-]{section.11.1}{\376\377\0003\000r\000d\000p\000a\000r\000t\000y\000/\000f\000f\000t\000w\000/\000i\000n\000c\000l\000u\000d\000e\000/\000f\000f\000t\000w\0003\000.\000h\000\040\000F\000i\000l\000e\000\040\000R\000e\000f\000e\000r\000e\000n\000c\000e}{chapter.11}% 380
\BOOKMARK [2][-]{subsection.11.1.1}{\376\377\000D\000e\000f\000i\000n\000e\000\040\000D\000o\000c\000u\000m\000e\000n\000t\000a\000t\000i\000o\000n}{section.11.1}% 381
\BOOKMARK [3][-]{subsubsection.11.1.1.1}{\376\377\000F\000F\000T\000W\000\137\000A\000L\000L\000O\000W\000\137\000L\000A\000R\000G\000E\000\137\000G\000E\000N\000E\000R\000I\000C}{subsection.11.1.1}% 382
\BOOKMARK [3][-]{subsubsection.11.1.1.2}{\376\377\000F\000F\000T\000W\000\137\000A\000L\000L\000O\000W\000\137\000P\000R\000U\000N\000I\000N\000G}{subsection.11.1.1}% 383
\BOOKMARK [3][-]{subsubsection.11.1.1.3}{\376\377\000F\000F\000T\000W\000\137\000B\000A\000C\000K\000W\000A\000R\000D}{subsection.11.1.1}% 384
\BOOKMARK [3][-]{subsubsection.11.1.1.4}{\376\377\000F\000F\000T\000W\000\137\000B\000E\000L\000I\000E\000V\000E\000\137\000P\000C\000O\000S\000T}{subsection.11.1.1}% 385
\BOOKMARK [3][-]{subsubsection.11.1.1.5}{\376\377\000F\000F\000T\000W\000\137\000C\000O\000N\000C\000A\000T}{subsection.11.1.1}% 386
\BOOKMARK [3][-]{subsubsection.11.1.1.6}{\376\377\000F\000F\000T\000W\000\137\000C\000O\000N\000S\000E\000R\000V\000E\000\137\000M\000E\000M\000O\000R\000Y}{subsection.11.1.1}% 387
\BOOKMARK [3][-]{subsubsection.11.1.1.7}{\376\377\000F\000F\000T\000W\000\137\000D\000E\000F\000I\000N\000E\000\137\000A\000P\000I}{subsection.11.1.1}% 388
\BOOKMARK [3][-]{subsubsection.11.1.1.8}{\376\377\000F\000F\000T\000W\000\137\000D\000E\000F\000I\000N\000E\000\137\000C\000O\000M\000P\000L\000E\000X}{subsection.11.1.1}% 389
\BOOKMARK [3][-]{subsubsection.11.1.1.9}{\376\377\000F\000F\000T\000W\000\137\000D\000E\000S\000T\000R\000O\000Y\000\137\000I\000N\000P\000U\000T}{subsection.11.1.1}% 390
\BOOKMARK [3][-]{subsubsection.11.1.1.10}{\376\377\000F\000F\000T\000W\000\137\000D\000L\000L}{subsection.11.1.1}% 391
\BOOKMARK [3][-]{subsubsection.11.1.1.11}{\376\377\000F\000F\000T\000W\000\137\000E\000S\000T\000I\000M\000A\000T\000E}{subsection.11.1.1}% 392
\BOOKMARK [3][-]{subsubsection.11.1.1.12}{\376\377\000F\000F\000T\000W\000\137\000E\000S\000T\000I\000M\000A\000T\000E\000\137\000P\000A\000T\000I\000E\000N\000T}{subsection.11.1.1}% 393
\BOOKMARK [3][-]{subsubsection.11.1.1.13}{\376\377\000F\000F\000T\000W\000\137\000E\000X\000H\000A\000U\000S\000T\000I\000V\000E}{subsection.11.1.1}% 394
\BOOKMARK [3][-]{subsubsection.11.1.1.14}{\376\377\000F\000F\000T\000W\000\137\000E\000X\000T\000E\000R\000N}{subsection.11.1.1}% 395
\BOOKMARK [3][-]{subsubsection.11.1.1.15}{\376\377\000F\000F\000T\000W\000\137\000F\000O\000R\000W\000A\000R\000D}{subsection.11.1.1}% 396
\BOOKMARK [3][-]{subsubsection.11.1.1.16}{\376\377\000F\000F\000T\000W\000\137\000M\000A\000N\000G\000L\000E\000\137\000D\000O\000U\000B\000L\000E}{subsection.11.1.1}% 397
\BOOKMARK [3][-]{subsubsection.11.1.1.17}{\376\377\000F\000F\000T\000W\000\137\000M\000A\000N\000G\000L\000E\000\137\000F\000L\000O\000A\000T}{subsection.11.1.1}% 398
\BOOKMARK [3][-]{subsubsection.11.1.1.18}{\376\377\000F\000F\000T\000W\000\137\000M\000A\000N\000G\000L\000E\000\137\000L\000O\000N\000G\000\137\000D\000O\000U\000B\000L\000E}{subsection.11.1.1}% 399
\BOOKMARK [3][-]{subsubsection.11.1.1.19}{\376\377\000F\000F\000T\000W\000\137\000M\000E\000A\000S\000U\000R\000E}{subsection.11.1.1}% 400
\BOOKMARK [3][-]{subsubsection.11.1.1.20}{\376\377\000F\000F\000T\000W\000\137\000N\000O\000\137\000B\000U\000F\000F\000E\000R\000I\000N\000G}{subsection.11.1.1}% 401
\BOOKMARK [3][-]{subsubsection.11.1.1.21}{\376\377\000F\000F\000T\000W\000\137\000N\000O\000\137\000D\000F\000T\000\137\000R\0002\000H\000C}{subsection.11.1.1}% 402
\BOOKMARK [3][-]{subsubsection.11.1.1.22}{\376\377\000F\000F\000T\000W\000\137\000N\000O\000\137\000F\000I\000X\000E\000D\000\137\000R\000A\000D\000I\000X\000\137\000L\000A\000R\000G\000E\000\137\000N}{subsection.11.1.1}% 403
\BOOKMARK [3][-]{subsubsection.11.1.1.23}{\376\377\000F\000F\000T\000W\000\137\000N\000O\000\137\000I\000N\000D\000I\000R\000E\000C\000T\000\137\000O\000P}{subsection.11.1.1}% 404
\BOOKMARK [3][-]{subsubsection.11.1.1.24}{\376\377\000F\000F\000T\000W\000\137\000N\000O\000\137\000N\000O\000N\000T\000H\000R\000E\000A\000D\000E\000D}{subsection.11.1.1}% 405
\BOOKMARK [3][-]{subsubsection.11.1.1.25}{\376\377\000F\000F\000T\000W\000\137\000N\000O\000\137\000R\000A\000N\000K\000\137\000S\000P\000L\000I\000T\000S}{subsection.11.1.1}% 406
\BOOKMARK [3][-]{subsubsection.11.1.1.26}{\376\377\000F\000F\000T\000W\000\137\000N\000O\000\137\000S\000I\000M\000D}{subsection.11.1.1}% 407
\BOOKMARK [3][-]{subsubsection.11.1.1.27}{\376\377\000F\000F\000T\000W\000\137\000N\000O\000\137\000S\000L\000O\000W}{subsection.11.1.1}% 408
\BOOKMARK [3][-]{subsubsection.11.1.1.28}{\376\377\000F\000F\000T\000W\000\137\000N\000O\000\137\000T\000I\000M\000E\000L\000I\000M\000I\000T}{subsection.11.1.1}% 409
\BOOKMARK [3][-]{subsubsection.11.1.1.29}{\376\377\000F\000F\000T\000W\000\137\000N\000O\000\137\000V\000R\000A\000N\000K\000\137\000S\000P\000L\000I\000T\000S}{subsection.11.1.1}% 410
\BOOKMARK [3][-]{subsubsection.11.1.1.30}{\376\377\000F\000F\000T\000W\000\137\000N\000O\000\137\000V\000R\000E\000C\000U\000R\000S\000E}{subsection.11.1.1}% 411
\BOOKMARK [3][-]{subsubsection.11.1.1.31}{\376\377\000F\000F\000T\000W\000\137\000P\000A\000T\000I\000E\000N\000T}{subsection.11.1.1}% 412
\BOOKMARK [3][-]{subsubsection.11.1.1.32}{\376\377\000F\000F\000T\000W\000\137\000P\000R\000E\000S\000E\000R\000V\000E\000\137\000I\000N\000P\000U\000T}{subsection.11.1.1}% 413
\BOOKMARK [3][-]{subsubsection.11.1.1.33}{\376\377\000F\000F\000T\000W\000\137\000U\000N\000A\000L\000I\000G\000N\000E\000D}{subsection.11.1.1}% 414
\BOOKMARK [3][-]{subsubsection.11.1.1.34}{\376\377\000F\000F\000T\000W\000\137\000W\000I\000S\000D\000O\000M\000\137\000O\000N\000L\000Y}{subsection.11.1.1}% 415
\BOOKMARK [2][-]{subsection.11.1.2}{\376\377\000E\000n\000u\000m\000e\000r\000a\000t\000i\000o\000n\000\040\000T\000y\000p\000e\000\040\000D\000o\000c\000u\000m\000e\000n\000t\000a\000t\000i\000o\000n}{section.11.1}% 416
\BOOKMARK [3][-]{subsubsection.11.1.2.1}{\376\377\000f\000f\000t\000w\000\137\000r\0002\000r\000\137\000k\000i\000n\000d\000\137\000d\000o\000\137\000n\000o\000t\000\137\000u\000s\000e\000\137\000m\000e}{subsection.11.1.2}% 417
\BOOKMARK [1][-]{section.11.2}{\376\377\0003\000r\000d\000p\000a\000r\000t\000y\000/\000j\000a\000c\000k\000/\000i\000n\000c\000l\000u\000d\000e\000/\000j\000a\000c\000k\000/\000c\000o\000n\000t\000r\000o\000l\000.\000h\000\040\000F\000i\000l\000e\000\040\000R\000e\000f\000e\000r\000e\000n\000c\000e}{chapter.11}% 418
\BOOKMARK [2][-]{subsection.11.2.1}{\376\377\000D\000e\000t\000a\000i\000l\000e\000d\000\040\000D\000e\000s\000c\000r\000i\000p\000t\000i\000o\000n}{section.11.2}% 419
\BOOKMARK [2][-]{subsection.11.2.2}{\376\377\000D\000e\000f\000i\000n\000e\000\040\000D\000o\000c\000u\000m\000e\000n\000t\000a\000t\000i\000o\000n}{section.11.2}% 420
\BOOKMARK [3][-]{subsubsection.11.2.2.1}{\376\377\000J\000A\000C\000K\000\137\000P\000A\000R\000A\000M\000\137\000M\000A\000X}{subsection.11.2.2}% 421
\BOOKMARK [3][-]{subsubsection.11.2.2.2}{\376\377\000J\000A\000C\000K\000\137\000P\000A\000R\000A\000M\000\137\000S\000T\000R\000I\000N\000G\000\137\000M\000A\000X}{subsection.11.2.2}% 422
\BOOKMARK [2][-]{subsection.11.2.3}{\376\377\000T\000y\000p\000e\000d\000e\000f\000\040\000D\000o\000c\000u\000m\000e\000n\000t\000a\000t\000i\000o\000n}{section.11.2}% 423
\BOOKMARK [3][-]{subsubsection.11.2.3.1}{\376\377\000j\000a\000c\000k\000c\000t\000l\000\137\000d\000r\000i\000v\000e\000r}{subsection.11.2.3}% 424
\BOOKMARK [3][-]{subsubsection.11.2.3.2}{\376\377\000j\000a\000c\000k\000c\000t\000l\000\137\000i\000n\000t\000e\000r\000n\000a\000l}{subsection.11.2.3}% 425
\BOOKMARK [3][-]{subsubsection.11.2.3.3}{\376\377\000j\000a\000c\000k\000c\000t\000l\000\137\000p\000a\000r\000a\000m\000e\000t\000e\000r}{subsection.11.2.3}% 426
\BOOKMARK [3][-]{subsubsection.11.2.3.4}{\376\377\000j\000a\000c\000k\000c\000t\000l\000\137\000s\000e\000r\000v\000e\000r}{subsection.11.2.3}% 427
\BOOKMARK [2][-]{subsection.11.2.4}{\376\377\000E\000n\000u\000m\000e\000r\000a\000t\000i\000o\000n\000\040\000T\000y\000p\000e\000\040\000D\000o\000c\000u\000m\000e\000n\000t\000a\000t\000i\000o\000n}{section.11.2}% 428
\BOOKMARK [3][-]{subsubsection.11.2.4.1}{\376\377\000j\000a\000c\000k\000c\000t\000l\000\137\000p\000a\000r\000a\000m\000\137\000t\000y\000p\000e\000\137\000t}{subsection.11.2.4}% 429
\BOOKMARK [1][-]{section.11.3}{\376\377\0003\000r\000d\000p\000a\000r\000t\000y\000/\000j\000a\000c\000k\000/\000i\000n\000c\000l\000u\000d\000e\000/\000j\000a\000c\000k\000/\000i\000n\000t\000c\000l\000i\000e\000n\000t\000.\000h\000\040\000F\000i\000l\000e\000\040\000R\000e\000f\000e\000r\000e\000n\000c\000e}{chapter.11}% 430
\BOOKMARK [2][-]{subsection.11.3.1}{\376\377\000F\000u\000n\000c\000t\000i\000o\000n\000\040\000D\000o\000c\000u\000m\000e\000n\000t\000a\000t\000i\000o\000n}{section.11.3}% 431
\BOOKMARK [3][-]{subsubsection.11.3.1.1}{\376\377\000j\000a\000c\000k\000\137\000g\000e\000t\000\137\000i\000n\000t\000e\000r\000n\000a\000l\000\137\000c\000l\000i\000e\000n\000t\000\137\000n\000a\000m\000e}{subsection.11.3.1}% 432
\BOOKMARK [3][-]{subsubsection.11.3.1.2}{\376\377\000j\000a\000c\000k\000\137\000i\000n\000t\000e\000r\000n\000a\000l\000\137\000c\000l\000i\000e\000n\000t\000\137\000h\000a\000n\000d\000l\000e}{subsection.11.3.1}% 433
\BOOKMARK [3][-]{subsubsection.11.3.1.3}{\376\377\000j\000a\000c\000k\000\137\000i\000n\000t\000e\000r\000n\000a\000l\000\137\000c\000l\000i\000e\000n\000t\000\137\000l\000o\000a\000d}{subsection.11.3.1}% 434
\BOOKMARK [3][-]{subsubsection.11.3.1.4}{\376\377\000j\000a\000c\000k\000\137\000i\000n\000t\000e\000r\000n\000a\000l\000\137\000c\000l\000i\000e\000n\000t\000\137\000u\000n\000l\000o\000a\000d}{subsection.11.3.1}% 435
\BOOKMARK [1][-]{section.11.4}{\376\377\0003\000r\000d\000p\000a\000r\000t\000y\000/\000j\000a\000c\000k\000/\000i\000n\000c\000l\000u\000d\000e\000/\000j\000a\000c\000k\000/\000j\000a\000c\000k\000.\000h\000\040\000F\000i\000l\000e\000\040\000R\000e\000f\000e\000r\000e\000n\000c\000e}{chapter.11}% 436
\BOOKMARK [2][-]{subsection.11.4.1}{\376\377\000F\000u\000n\000c\000t\000i\000o\000n\000\040\000D\000o\000c\000u\000m\000e\000n\000t\000a\000t\000i\000o\000n}{section.11.4}% 437
\BOOKMARK [3][-]{subsubsection.11.4.1.1}{\376\377\000j\000a\000c\000k\000\137\000a\000c\000t\000i\000v\000a\000t\000e}{subsection.11.4.1}% 438
\BOOKMARK [3][-]{subsubsection.11.4.1.2}{\376\377\000j\000a\000c\000k\000\137\000c\000l\000i\000e\000n\000t\000\137\000c\000l\000o\000s\000e}{subsection.11.4.1}% 439
\BOOKMARK [3][-]{subsubsection.11.4.1.3}{\376\377\000j\000a\000c\000k\000\137\000c\000l\000i\000e\000n\000t\000\137\000n\000a\000m\000e\000\137\000s\000i\000z\000e}{subsection.11.4.1}% 440
\BOOKMARK [3][-]{subsubsection.11.4.1.4}{\376\377\000j\000a\000c\000k\000\137\000c\000l\000i\000e\000n\000t\000\137\000n\000e\000w}{subsection.11.4.1}% 441
\BOOKMARK [3][-]{subsubsection.11.4.1.5}{\376\377\000j\000a\000c\000k\000\137\000c\000l\000i\000e\000n\000t\000\137\000o\000p\000e\000n}{subsection.11.4.1}% 442
\BOOKMARK [3][-]{subsubsection.11.4.1.6}{\376\377\000j\000a\000c\000k\000\137\000c\000l\000i\000e\000n\000t\000\137\000t\000h\000r\000e\000a\000d\000\137\000i\000d}{subsection.11.4.1}% 443
\BOOKMARK [3][-]{subsubsection.11.4.1.7}{\376\377\000j\000a\000c\000k\000\137\000d\000e\000a\000c\000t\000i\000v\000a\000t\000e}{subsection.11.4.1}% 444
\BOOKMARK [3][-]{subsubsection.11.4.1.8}{\376\377\000j\000a\000c\000k\000\137\000f\000r\000e\000e}{subsection.11.4.1}% 445
\BOOKMARK [3][-]{subsubsection.11.4.1.9}{\376\377\000j\000a\000c\000k\000\137\000g\000e\000t\000\137\000c\000l\000i\000e\000n\000t\000\137\000n\000a\000m\000e}{subsection.11.4.1}% 446
\BOOKMARK [3][-]{subsubsection.11.4.1.10}{\376\377\000j\000a\000c\000k\000\137\000g\000e\000t\000\137\000c\000l\000i\000e\000n\000t\000\137\000p\000i\000d}{subsection.11.4.1}% 447
\BOOKMARK [3][-]{subsubsection.11.4.1.11}{\376\377\000j\000a\000c\000k\000\137\000g\000e\000t\000\137\000v\000e\000r\000s\000i\000o\000n}{subsection.11.4.1}% 448
\BOOKMARK [3][-]{subsubsection.11.4.1.12}{\376\377\000j\000a\000c\000k\000\137\000g\000e\000t\000\137\000v\000e\000r\000s\000i\000o\000n\000\137\000s\000t\000r\000i\000n\000g}{subsection.11.4.1}% 449
\BOOKMARK [3][-]{subsubsection.11.4.1.13}{\376\377\000j\000a\000c\000k\000\137\000i\000n\000t\000e\000r\000n\000a\000l\000\137\000c\000l\000i\000e\000n\000t\000\137\000c\000l\000o\000s\000e}{subsection.11.4.1}% 450
\BOOKMARK [3][-]{subsubsection.11.4.1.14}{\376\377\000j\000a\000c\000k\000\137\000i\000n\000t\000e\000r\000n\000a\000l\000\137\000c\000l\000i\000e\000n\000t\000\137\000n\000e\000w}{subsection.11.4.1}% 451
\BOOKMARK [3][-]{subsubsection.11.4.1.15}{\376\377\000j\000a\000c\000k\000\137\000i\000s\000\137\000r\000e\000a\000l\000t\000i\000m\000e}{subsection.11.4.1}% 452
\BOOKMARK [3][-]{subsubsection.11.4.1.16}{\376\377\000j\000a\000c\000k\000\137\000s\000e\000t\000\137\000l\000a\000t\000e\000n\000c\000y\000\137\000c\000a\000l\000l\000b\000a\000c\000k}{subsection.11.4.1}% 453
\BOOKMARK [1][-]{section.11.5}{\376\377\0003\000r\000d\000p\000a\000r\000t\000y\000/\000j\000a\000c\000k\000/\000i\000n\000c\000l\000u\000d\000e\000/\000j\000a\000c\000k\000/\000j\000s\000l\000i\000s\000t\000.\000h\000\040\000F\000i\000l\000e\000\040\000R\000e\000f\000e\000r\000e\000n\000c\000e}{chapter.11}% 454
\BOOKMARK [2][-]{subsection.11.5.1}{\376\377\000D\000e\000f\000i\000n\000e\000\040\000D\000o\000c\000u\000m\000e\000n\000t\000a\000t\000i\000o\000n}{section.11.5}% 455
\BOOKMARK [3][-]{subsubsection.11.5.1.1}{\376\377\000j\000a\000c\000k\000\137\000s\000l\000i\000s\000t\000\137\000n\000e\000x\000t}{subsection.11.5.1}% 456
\BOOKMARK [2][-]{subsection.11.5.2}{\376\377\000T\000y\000p\000e\000d\000e\000f\000\040\000D\000o\000c\000u\000m\000e\000n\000t\000a\000t\000i\000o\000n}{section.11.5}% 457
\BOOKMARK [3][-]{subsubsection.11.5.2.1}{\376\377\000\137\000J\000S\000L\000i\000s\000t}{subsection.11.5.2}% 458
\BOOKMARK [3][-]{subsubsection.11.5.2.2}{\376\377\000J\000C\000o\000m\000p\000a\000r\000e\000F\000u\000n\000c}{subsection.11.5.2}% 459
\BOOKMARK [1][-]{section.11.6}{\376\377\0003\000r\000d\000p\000a\000r\000t\000y\000/\000j\000a\000c\000k\000/\000i\000n\000c\000l\000u\000d\000e\000/\000j\000a\000c\000k\000/\000m\000i\000d\000i\000p\000o\000r\000t\000.\000h\000\040\000F\000i\000l\000e\000\040\000R\000e\000f\000e\000r\000e\000n\000c\000e}{chapter.11}% 460
\BOOKMARK [2][-]{subsection.11.6.1}{\376\377\000T\000y\000p\000e\000d\000e\000f\000\040\000D\000o\000c\000u\000m\000e\000n\000t\000a\000t\000i\000o\000n}{section.11.6}% 461
\BOOKMARK [3][-]{subsubsection.11.6.1.1}{\376\377\000j\000a\000c\000k\000\137\000m\000i\000d\000i\000\137\000d\000a\000t\000a\000\137\000t}{subsection.11.6.1}% 462
\BOOKMARK [3][-]{subsubsection.11.6.1.2}{\376\377\000j\000a\000c\000k\000\137\000m\000i\000d\000i\000\137\000e\000v\000e\000n\000t\000\137\000t}{subsection.11.6.1}% 463
\BOOKMARK [1][-]{section.11.7}{\376\377\0003\000r\000d\000p\000a\000r\000t\000y\000/\000j\000a\000c\000k\000/\000i\000n\000c\000l\000u\000d\000e\000/\000j\000a\000c\000k\000/\000r\000i\000n\000g\000b\000u\000f\000f\000e\000r\000.\000h\000\040\000F\000i\000l\000e\000\040\000R\000e\000f\000e\000r\000e\000n\000c\000e}{chapter.11}% 464
\BOOKMARK [2][-]{subsection.11.7.1}{\376\377\000D\000e\000t\000a\000i\000l\000e\000d\000\040\000D\000e\000s\000c\000r\000i\000p\000t\000i\000o\000n}{section.11.7}% 465
\BOOKMARK [2][-]{subsection.11.7.2}{\376\377\000F\000u\000n\000c\000t\000i\000o\000n\000\040\000D\000o\000c\000u\000m\000e\000n\000t\000a\000t\000i\000o\000n}{section.11.7}% 466
\BOOKMARK [3][-]{subsubsection.11.7.2.1}{\376\377\000j\000a\000c\000k\000\137\000r\000i\000n\000g\000b\000u\000f\000f\000e\000r\000\137\000c\000r\000e\000a\000t\000e}{subsection.11.7.2}% 467
\BOOKMARK [3][-]{subsubsection.11.7.2.2}{\376\377\000j\000a\000c\000k\000\137\000r\000i\000n\000g\000b\000u\000f\000f\000e\000r\000\137\000f\000r\000e\000e}{subsection.11.7.2}% 468
\BOOKMARK [3][-]{subsubsection.11.7.2.3}{\376\377\000j\000a\000c\000k\000\137\000r\000i\000n\000g\000b\000u\000f\000f\000e\000r\000\137\000g\000e\000t\000\137\000r\000e\000a\000d\000\137\000v\000e\000c\000t\000o\000r}{subsection.11.7.2}% 469
\BOOKMARK [3][-]{subsubsection.11.7.2.4}{\376\377\000j\000a\000c\000k\000\137\000r\000i\000n\000g\000b\000u\000f\000f\000e\000r\000\137\000g\000e\000t\000\137\000w\000r\000i\000t\000e\000\137\000v\000e\000c\000t\000o\000r}{subsection.11.7.2}% 470
\BOOKMARK [3][-]{subsubsection.11.7.2.5}{\376\377\000j\000a\000c\000k\000\137\000r\000i\000n\000g\000b\000u\000f\000f\000e\000r\000\137\000m\000l\000o\000c\000k}{subsection.11.7.2}% 471
\BOOKMARK [3][-]{subsubsection.11.7.2.6}{\376\377\000j\000a\000c\000k\000\137\000r\000i\000n\000g\000b\000u\000f\000f\000e\000r\000\137\000p\000e\000e\000k}{subsection.11.7.2}% 472
\BOOKMARK [3][-]{subsubsection.11.7.2.7}{\376\377\000j\000a\000c\000k\000\137\000r\000i\000n\000g\000b\000u\000f\000f\000e\000r\000\137\000r\000e\000a\000d}{subsection.11.7.2}% 473
\BOOKMARK [3][-]{subsubsection.11.7.2.8}{\376\377\000j\000a\000c\000k\000\137\000r\000i\000n\000g\000b\000u\000f\000f\000e\000r\000\137\000r\000e\000a\000d\000\137\000a\000d\000v\000a\000n\000c\000e}{subsection.11.7.2}% 474
\BOOKMARK [3][-]{subsubsection.11.7.2.9}{\376\377\000j\000a\000c\000k\000\137\000r\000i\000n\000g\000b\000u\000f\000f\000e\000r\000\137\000r\000e\000a\000d\000\137\000s\000p\000a\000c\000e}{subsection.11.7.2}% 475
\BOOKMARK [3][-]{subsubsection.11.7.2.10}{\376\377\000j\000a\000c\000k\000\137\000r\000i\000n\000g\000b\000u\000f\000f\000e\000r\000\137\000r\000e\000s\000e\000t}{subsection.11.7.2}% 476
\BOOKMARK [3][-]{subsubsection.11.7.2.11}{\376\377\000j\000a\000c\000k\000\137\000r\000i\000n\000g\000b\000u\000f\000f\000e\000r\000\137\000r\000e\000s\000e\000t\000\137\000s\000i\000z\000e}{subsection.11.7.2}% 477
\BOOKMARK [3][-]{subsubsection.11.7.2.12}{\376\377\000j\000a\000c\000k\000\137\000r\000i\000n\000g\000b\000u\000f\000f\000e\000r\000\137\000w\000r\000i\000t\000e}{subsection.11.7.2}% 478
\BOOKMARK [3][-]{subsubsection.11.7.2.13}{\376\377\000j\000a\000c\000k\000\137\000r\000i\000n\000g\000b\000u\000f\000f\000e\000r\000\137\000w\000r\000i\000t\000e\000\137\000a\000d\000v\000a\000n\000c\000e}{subsection.11.7.2}% 479
\BOOKMARK [3][-]{subsubsection.11.7.2.14}{\376\377\000j\000a\000c\000k\000\137\000r\000i\000n\000g\000b\000u\000f\000f\000e\000r\000\137\000w\000r\000i\000t\000e\000\137\000s\000p\000a\000c\000e}{subsection.11.7.2}% 480
\BOOKMARK [1][-]{section.11.8}{\376\377\0003\000r\000d\000p\000a\000r\000t\000y\000/\000j\000a\000c\000k\000/\000i\000n\000c\000l\000u\000d\000e\000/\000j\000a\000c\000k\000/\000s\000t\000a\000t\000i\000s\000t\000i\000c\000s\000.\000h\000\040\000F\000i\000l\000e\000\040\000R\000e\000f\000e\000r\000e\000n\000c\000e}{chapter.11}% 481
\BOOKMARK [2][-]{subsection.11.8.1}{\376\377\000F\000u\000n\000c\000t\000i\000o\000n\000\040\000D\000o\000c\000u\000m\000e\000n\000t\000a\000t\000i\000o\000n}{section.11.8}% 482
\BOOKMARK [3][-]{subsubsection.11.8.1.1}{\376\377\000j\000a\000c\000k\000\137\000g\000e\000t\000\137\000m\000a\000x\000\137\000d\000e\000l\000a\000y\000e\000d\000\137\000u\000s\000e\000c\000s}{subsection.11.8.1}% 483
\BOOKMARK [3][-]{subsubsection.11.8.1.2}{\376\377\000j\000a\000c\000k\000\137\000g\000e\000t\000\137\000x\000r\000u\000n\000\137\000d\000e\000l\000a\000y\000e\000d\000\137\000u\000s\000e\000c\000s}{subsection.11.8.1}% 484
\BOOKMARK [3][-]{subsubsection.11.8.1.3}{\376\377\000j\000a\000c\000k\000\137\000r\000e\000s\000e\000t\000\137\000m\000a\000x\000\137\000d\000e\000l\000a\000y\000e\000d\000\137\000u\000s\000e\000c\000s}{subsection.11.8.1}% 485
\BOOKMARK [1][-]{section.11.9}{\376\377\0003\000r\000d\000p\000a\000r\000t\000y\000/\000j\000a\000c\000k\000/\000i\000n\000c\000l\000u\000d\000e\000/\000j\000a\000c\000k\000/\000s\000y\000s\000t\000e\000m\000d\000e\000p\000s\000.\000h\000\040\000F\000i\000l\000e\000\040\000R\000e\000f\000e\000r\000e\000n\000c\000e}{chapter.11}% 486
\BOOKMARK [1][-]{section.11.10}{\376\377\0003\000r\000d\000p\000a\000r\000t\000y\000/\000j\000a\000c\000k\000/\000i\000n\000c\000l\000u\000d\000e\000/\000j\000a\000c\000k\000/\000t\000h\000r\000e\000a\000d\000.\000h\000\040\000F\000i\000l\000e\000\040\000R\000e\000f\000e\000r\000e\000n\000c\000e}{chapter.11}% 487
\BOOKMARK [2][-]{subsection.11.10.1}{\376\377\000D\000e\000t\000a\000i\000l\000e\000d\000\040\000D\000e\000s\000c\000r\000i\000p\000t\000i\000o\000n}{section.11.10}% 488
\BOOKMARK [2][-]{subsection.11.10.2}{\376\377\000D\000e\000f\000i\000n\000e\000\040\000D\000o\000c\000u\000m\000e\000n\000t\000a\000t\000i\000o\000n}{section.11.10}% 489
\BOOKMARK [3][-]{subsubsection.11.10.2.1}{\376\377\000T\000H\000R\000E\000A\000D\000\137\000S\000T\000A\000C\000K}{subsection.11.10.2}% 490
\BOOKMARK [1][-]{section.11.11}{\376\377\0003\000r\000d\000p\000a\000r\000t\000y\000/\000j\000a\000c\000k\000/\000i\000n\000c\000l\000u\000d\000e\000/\000j\000a\000c\000k\000/\000t\000r\000a\000n\000s\000p\000o\000r\000t\000.\000h\000\040\000F\000i\000l\000e\000\040\000R\000e\000f\000e\000r\000e\000n\000c\000e}{chapter.11}% 491
\BOOKMARK [1][-]{section.11.12}{\376\377\0003\000r\000d\000p\000a\000r\000t\000y\000/\000j\000a\000c\000k\000/\000i\000n\000c\000l\000u\000d\000e\000/\000j\000a\000c\000k\000/\000t\000y\000p\000e\000s\000.\000h\000\040\000F\000i\000l\000e\000\040\000R\000e\000f\000e\000r\000e\000n\000c\000e}{chapter.11}% 492
\BOOKMARK [2][-]{subsection.11.12.1}{\376\377\000D\000e\000f\000i\000n\000e\000\040\000D\000o\000c\000u\000m\000e\000n\000t\000a\000t\000i\000o\000n}{section.11.12}% 493
\BOOKMARK [3][-]{subsubsection.11.12.1.1}{\376\377\000E\000X\000T\000E\000N\000D\000E\000D\000\137\000T\000I\000M\000E\000\137\000I\000N\000F\000O}{subsection.11.12.1}% 494
\BOOKMARK [3][-]{subsubsection.11.12.1.2}{\376\377\000J\000A\000C\000K\000\137\000D\000E\000F\000A\000U\000L\000T\000\137\000A\000U\000D\000I\000O\000\137\000T\000Y\000P\000E}{subsection.11.12.1}% 495
\BOOKMARK [3][-]{subsubsection.11.12.1.3}{\376\377\000J\000A\000C\000K\000\137\000D\000E\000F\000A\000U\000L\000T\000\137\000M\000I\000D\000I\000\137\000T\000Y\000P\000E}{subsection.11.12.1}% 496
\BOOKMARK [3][-]{subsubsection.11.12.1.4}{\376\377\000J\000A\000C\000K\000\137\000L\000O\000A\000D\000\137\000I\000N\000I\000T\000\137\000L\000I\000M\000I\000T}{subsection.11.12.1}% 497
\BOOKMARK [3][-]{subsubsection.11.12.1.5}{\376\377\000J\000A\000C\000K\000\137\000M\000A\000X\000\137\000F\000R\000A\000M\000E\000S}{subsection.11.12.1}% 498
\BOOKMARK [3][-]{subsubsection.11.12.1.6}{\376\377\000J\000A\000C\000K\000\137\000P\000O\000S\000I\000T\000I\000O\000N\000\137\000M\000A\000S\000K}{subsection.11.12.1}% 499
\BOOKMARK [3][-]{subsubsection.11.12.1.7}{\376\377\000J\000a\000c\000k\000L\000o\000a\000d\000O\000p\000t\000i\000o\000n\000s}{subsection.11.12.1}% 500
\BOOKMARK [3][-]{subsubsection.11.12.1.8}{\376\377\000J\000a\000c\000k\000O\000p\000e\000n\000O\000p\000t\000i\000o\000n\000s}{subsection.11.12.1}% 501
\BOOKMARK [2][-]{subsection.11.12.2}{\376\377\000T\000y\000p\000e\000d\000e\000f\000\040\000D\000o\000c\000u\000m\000e\000n\000t\000a\000t\000i\000o\000n}{section.11.12}% 502
\BOOKMARK [3][-]{subsubsection.11.12.2.1}{\376\377\000\137\000j\000a\000c\000k\000\137\000c\000l\000i\000e\000n\000t}{subsection.11.12.2}% 503
\BOOKMARK [3][-]{subsubsection.11.12.2.2}{\376\377\000\137\000j\000a\000c\000k\000\137\000p\000o\000r\000t}{subsection.11.12.2}% 504
\BOOKMARK [3][-]{subsubsection.11.12.2.3}{\376\377\000j\000a\000c\000k\000\137\000i\000n\000t\000c\000l\000i\000e\000n\000t\000\137\000t}{subsection.11.12.2}% 505
\BOOKMARK [3][-]{subsubsection.11.12.2.4}{\376\377\000j\000a\000c\000k\000\137\000n\000f\000r\000a\000m\000e\000s\000\137\000t}{subsection.11.12.2}% 506
\BOOKMARK [3][-]{subsubsection.11.12.2.5}{\376\377\000j\000a\000c\000k\000\137\000p\000o\000r\000t\000\137\000i\000d\000\137\000t}{subsection.11.12.2}% 507
\BOOKMARK [3][-]{subsubsection.11.12.2.6}{\376\377\000j\000a\000c\000k\000\137\000p\000o\000r\000t\000\137\000t\000y\000p\000e\000\137\000i\000d\000\137\000t}{subsection.11.12.2}% 508
\BOOKMARK [3][-]{subsubsection.11.12.2.7}{\376\377\000j\000a\000c\000k\000\137\000s\000h\000m\000s\000i\000z\000e\000\137\000t}{subsection.11.12.2}% 509
\BOOKMARK [3][-]{subsubsection.11.12.2.8}{\376\377\000j\000a\000c\000k\000\137\000t\000i\000m\000e\000\137\000t}{subsection.11.12.2}% 510
\BOOKMARK [2][-]{subsection.11.12.3}{\376\377\000E\000n\000u\000m\000e\000r\000a\000t\000i\000o\000n\000\040\000T\000y\000p\000e\000\040\000D\000o\000c\000u\000m\000e\000n\000t\000a\000t\000i\000o\000n}{section.11.12}% 511
\BOOKMARK [3][-]{subsubsection.11.12.3.1}{\376\377\000J\000a\000c\000k\000O\000p\000t\000i\000o\000n\000s}{subsection.11.12.3}% 512
\BOOKMARK [1][-]{section.11.13}{\376\377\0003\000r\000d\000p\000a\000r\000t\000y\000/\000j\000a\000c\000k\000/\000i\000n\000c\000l\000u\000d\000e\000/\000j\000a\000c\000k\000/\000w\000e\000a\000k\000j\000a\000c\000k\000.\000h\000\040\000F\000i\000l\000e\000\040\000R\000e\000f\000e\000r\000e\000n\000c\000e}{chapter.11}% 513
\BOOKMARK [1][-]{section.11.14}{\376\377\0003\000r\000d\000p\000a\000r\000t\000y\000/\000j\000a\000c\000k\000/\000i\000n\000c\000l\000u\000d\000e\000/\000j\000a\000c\000k\000/\000w\000e\000a\000k\000m\000a\000c\000r\000o\000s\000.\000h\000\040\000F\000i\000l\000e\000\040\000R\000e\000f\000e\000r\000e\000n\000c\000e}{chapter.11}% 514
\BOOKMARK [2][-]{subsection.11.14.1}{\376\377\000D\000e\000f\000i\000n\000e\000\040\000D\000o\000c\000u\000m\000e\000n\000t\000a\000t\000i\000o\000n}{section.11.14}% 515
\BOOKMARK [3][-]{subsubsection.11.14.1.1}{\376\377\000J\000A\000C\000K\000\137\000O\000P\000T\000I\000O\000N\000A\000L\000\137\000W\000E\000A\000K\000\137\000E\000X\000P\000O\000R\000T}{subsection.11.14.1}% 516
\BOOKMARK [1][-]{section.11.15}{\376\377\000g\000u\000i\000/\000i\000n\000c\000l\000u\000d\000e\000/\000m\000a\000i\000n\000w\000i\000n\000d\000o\000w\000.\000h\000\040\000F\000i\000l\000e\000\040\000R\000e\000f\000e\000r\000e\000n\000c\000e}{chapter.11}% 517
\BOOKMARK [1][-]{section.11.16}{\376\377\000g\000u\000i\000/\000i\000n\000c\000l\000u\000d\000e\000/\000v\000i\000s\000u\000a\000l\000i\000z\000e\000r\000w\000i\000d\000g\000e\000t\000.\000h\000\040\000F\000i\000l\000e\000\040\000R\000e\000f\000e\000r\000e\000n\000c\000e}{chapter.11}% 518
\BOOKMARK [1][-]{section.11.17}{\376\377\000g\000u\000i\000/\000s\000r\000c\000/\000l\000a\000u\000n\000c\000h\000e\000r\000.\000c\000p\000p\000\040\000F\000i\000l\000e\000\040\000R\000e\000f\000e\000r\000e\000n\000c\000e}{chapter.11}% 519
\BOOKMARK [2][-]{subsection.11.17.1}{\376\377\000F\000u\000n\000c\000t\000i\000o\000n\000\040\000D\000o\000c\000u\000m\000e\000n\000t\000a\000t\000i\000o\000n}{section.11.17}% 520
\BOOKMARK [3][-]{subsubsection.11.17.1.1}{\376\377\000m\000a\000i\000n}{subsection.11.17.1}% 521
\BOOKMARK [1][-]{section.11.18}{\376\377\000g\000u\000i\000/\000s\000r\000c\000/\000m\000a\000i\000n\000w\000i\000n\000d\000o\000w\000.\000c\000p\000p\000\040\000F\000i\000l\000e\000\040\000R\000e\000f\000e\000r\000e\000n\000c\000e}{chapter.11}% 522
\BOOKMARK [2][-]{subsection.11.18.1}{\376\377\000D\000e\000f\000i\000n\000e\000\040\000D\000o\000c\000u\000m\000e\000n\000t\000a\000t\000i\000o\000n}{section.11.18}% 523
\BOOKMARK [3][-]{subsubsection.11.18.1.1}{\376\377\000F\000I\000L\000E\000\137\000T\000Y\000P\000E\000S}{subsection.11.18.1}% 524
\BOOKMARK [3][-]{subsubsection.11.18.1.2}{\376\377\000M\000U\000S\000I\000C\000\137\000C\000O\000M\000B\000O\000\137\000T\000E\000X\000T}{subsection.11.18.1}% 525
\BOOKMARK [3][-]{subsubsection.11.18.1.3}{\376\377\000P\000I\000N\000K\000\137\000N\000O\000I\000S\000E\000\137\000C\000O\000M\000B\000O\000\137\000T\000E\000X\000T}{subsection.11.18.1}% 526
\BOOKMARK [3][-]{subsubsection.11.18.1.4}{\376\377\000W\000H\000I\000T\000E\000\137\000N\000O\000I\000S\000E\000\137\000C\000O\000M\000B\000O\000\137\000T\000E\000X\000T}{subsection.11.18.1}% 527
\BOOKMARK [1][-]{section.11.19}{\376\377\000g\000u\000i\000/\000s\000r\000c\000/\000v\000i\000s\000u\000a\000l\000i\000z\000e\000r\000w\000i\000d\000g\000e\000t\000.\000c\000p\000p\000\040\000F\000i\000l\000e\000\040\000R\000e\000f\000e\000r\000e\000n\000c\000e}{chapter.11}% 528
\BOOKMARK [1][-]{section.11.20}{\376\377\000l\000i\000b\000e\000a\000r\000/\000i\000n\000c\000l\000u\000d\000e\000/\000d\000i\000g\000i\000t\000a\000l\000e\000q\000u\000a\000l\000i\000z\000e\000r\000.\000h\000\040\000F\000i\000l\000e\000\040\000R\000e\000f\000e\000r\000e\000n\000c\000e}{chapter.11}% 529
\BOOKMARK [1][-]{section.11.21}{\376\377\000l\000i\000b\000e\000a\000r\000/\000i\000n\000c\000l\000u\000d\000e\000/\000e\000a\000r\000p\000r\000o\000c\000e\000s\000s\000o\000r\000.\000h\000\040\000F\000i\000l\000e\000\040\000R\000e\000f\000e\000r\000e\000n\000c\000e}{chapter.11}% 530
\BOOKMARK [1][-]{section.11.22}{\376\377\000l\000i\000b\000e\000a\000r\000/\000i\000n\000c\000l\000u\000d\000e\000/\000f\000f\000t\000w\000a\000d\000a\000p\000t\000e\000r\000.\000h\000\040\000F\000i\000l\000e\000\040\000R\000e\000f\000e\000r\000e\000n\000c\000e}{chapter.11}% 531
\BOOKMARK [1][-]{section.11.23}{\376\377\000l\000i\000b\000e\000a\000r\000/\000i\000n\000c\000l\000u\000d\000e\000/\000j\000a\000c\000k\000a\000d\000a\000p\000t\000e\000r\000.\000h\000\040\000F\000i\000l\000e\000\040\000R\000e\000f\000e\000r\000e\000n\000c\000e}{chapter.11}% 532
\BOOKMARK [2][-]{subsection.11.23.1}{\376\377\000T\000y\000p\000e\000d\000e\000f\000\040\000D\000o\000c\000u\000m\000e\000n\000t\000a\000t\000i\000o\000n}{section.11.23}% 533
\BOOKMARK [3][-]{subsubsection.11.23.1.1}{\376\377\000S\000t\000e\000r\000e\000o\000P\000o\000r\000t}{subsection.11.23.1}% 534
\BOOKMARK [1][-]{section.11.24}{\376\377\000l\000i\000b\000e\000a\000r\000/\000i\000n\000c\000l\000u\000d\000e\000/\000j\000n\000o\000i\000s\000e\000/\000j\000n\000o\000i\000s\000e\000.\000h\000\040\000F\000i\000l\000e\000\040\000R\000e\000f\000e\000r\000e\000n\000c\000e}{chapter.11}% 535
\BOOKMARK [2][-]{subsection.11.24.1}{\376\377\000D\000e\000f\000i\000n\000e\000\040\000D\000o\000c\000u\000m\000e\000n\000t\000a\000t\000i\000o\000n}{section.11.24}% 536
\BOOKMARK [3][-]{subsubsection.11.24.1.1}{\376\377\000L\000R\000A\000N\000D}{subsection.11.24.1}% 537
\BOOKMARK [3][-]{subsubsection.11.24.1.2}{\376\377\000M\000R\000A\000N\000D}{subsection.11.24.1}% 538
\BOOKMARK [1][-]{section.11.25}{\376\377\000l\000i\000b\000e\000a\000r\000/\000i\000n\000c\000l\000u\000d\000e\000/\000j\000n\000o\000i\000s\000e\000/\000p\000r\000b\000s\000g\000e\000n\000e\000r\000a\000t\000o\000r\000.\000h\000\040\000F\000i\000l\000e\000\040\000R\000e\000f\000e\000r\000e\000n\000c\000e}{chapter.11}% 539
\BOOKMARK [1][-]{section.11.26}{\376\377\000l\000i\000b\000e\000a\000r\000/\000i\000n\000c\000l\000u\000d\000e\000/\000j\000n\000o\000i\000s\000e\000/\000r\000a\000n\000d\000o\000m\000g\000e\000n\000e\000r\000a\000t\000o\000r\000.\000h\000\040\000F\000i\000l\000e\000\040\000R\000e\000f\000e\000r\000e\000n\000c\000e}{chapter.11}% 540
\BOOKMARK [1][-]{section.11.27}{\376\377\000l\000i\000b\000e\000a\000r\000/\000i\000n\000c\000l\000u\000d\000e\000/\000p\000r\000o\000c\000e\000s\000s\000o\000r\000.\000h\000\040\000F\000i\000l\000e\000\040\000R\000e\000f\000e\000r\000e\000n\000c\000e}{chapter.11}% 541
\BOOKMARK [1][-]{section.11.28}{\376\377\000l\000i\000b\000e\000a\000r\000/\000s\000r\000c\000/\000d\000i\000g\000i\000t\000a\000l\000e\000q\000u\000a\000l\000i\000z\000e\000r\000.\000c\000p\000p\000\040\000F\000i\000l\000e\000\040\000R\000e\000f\000e\000r\000e\000n\000c\000e}{chapter.11}% 542
\BOOKMARK [1][-]{section.11.29}{\376\377\000l\000i\000b\000e\000a\000r\000/\000s\000r\000c\000/\000e\000a\000r\000p\000r\000o\000c\000e\000s\000s\000o\000r\000.\000c\000p\000p\000\040\000F\000i\000l\000e\000\040\000R\000e\000f\000e\000r\000e\000n\000c\000e}{chapter.11}% 543
\BOOKMARK [1][-]{section.11.30}{\376\377\000l\000i\000b\000e\000a\000r\000/\000s\000r\000c\000/\000f\000f\000t\000w\000a\000d\000a\000p\000t\000e\000r\000.\000c\000p\000p\000\040\000F\000i\000l\000e\000\040\000R\000e\000f\000e\000r\000e\000n\000c\000e}{chapter.11}% 544
\BOOKMARK [1][-]{section.11.31}{\376\377\000l\000i\000b\000e\000a\000r\000/\000s\000r\000c\000/\000j\000a\000c\000k\000a\000d\000a\000p\000t\000e\000r\000.\000c\000p\000p\000\040\000F\000i\000l\000e\000\040\000R\000e\000f\000e\000r\000e\000n\000c\000e}{chapter.11}% 545
\BOOKMARK [1][-]{section.11.32}{\376\377\000l\000i\000b\000e\000a\000r\000/\000s\000r\000c\000/\000j\000n\000o\000i\000s\000e\000/\000j\000n\000o\000i\000s\000e\000.\000c\000p\000p\000\040\000F\000i\000l\000e\000\040\000R\000e\000f\000e\000r\000e\000n\000c\000e}{chapter.11}% 546
\BOOKMARK [1][-]{section.11.33}{\376\377\000l\000i\000b\000e\000a\000r\000/\000s\000r\000c\000/\000j\000n\000o\000i\000s\000e\000/\000r\000a\000n\000d\000o\000m\000g\000e\000n\000e\000r\000a\000t\000o\000r\000.\000c\000p\000p\000\040\000F\000i\000l\000e\000\040\000R\000e\000f\000e\000r\000e\000n\000c\000e}{chapter.11}% 547
